Using pre-set license
Built from 'trunk' branch; Version is '2022.1.0a15 (49120632d05b) revision 4788742'; Using compiler version '192829333'; Build Type 'Release'
OS: 'Windows 10  (10.0.19043) 64bit Professional' Language: 'en' Physical Memory: 16316 MB
BatchMode: 1, IsHumanControllingUs: 0, StartBugReporterOnCrash: 0, Is64bit: 1, IsPro: 0

COMMAND LINE ARGUMENTS:
C:\Program Files\Unity\Editor\2022.1.0a15\Editor\Unity.exe
-adb2
-batchMode
-noUpm
-name
AssetImportWorker1
-projectPath
C:/Users/PeteAlexLaws/Desktop/CISC_167/Test/New Unity Project
-logFile
Logs/AssetImportWorker1.log
-srvPort
64869
Successfully changed project path to: C:/Users/PeteAlexLaws/Desktop/CISC_167/Test/New Unity Project
C:/Users/PeteAlexLaws/Desktop/CISC_167/Test/New Unity Project
[UnityMemory] Configuration Parameters - Can be set up in boot.config
    "memorysetup-bucket-allocator-granularity=16"
    "memorysetup-bucket-allocator-bucket-count=8"
    "memorysetup-bucket-allocator-block-size=33554432"
    "memorysetup-bucket-allocator-block-count=8"
    "memorysetup-main-allocator-block-size=16777216"
    "memorysetup-thread-allocator-block-size=16777216"
    "memorysetup-gfx-main-allocator-block-size=16777216"
    "memorysetup-gfx-thread-allocator-block-size=16777216"
    "memorysetup-cache-allocator-block-size=4194304"
    "memorysetup-typetree-allocator-block-size=2097152"
    "memorysetup-profiler-bucket-allocator-granularity=16"
    "memorysetup-profiler-bucket-allocator-bucket-count=8"
    "memorysetup-profiler-bucket-allocator-block-size=33554432"
    "memorysetup-profiler-bucket-allocator-block-count=8"
    "memorysetup-profiler-allocator-block-size=16777216"
    "memorysetup-profiler-editor-allocator-block-size=1048576"
    "memorysetup-temp-allocator-size-main=16777216"
    "memorysetup-job-temp-allocator-block-size=2097152"
    "memorysetup-job-temp-allocator-block-size-background=1048576"
    "memorysetup-job-temp-allocator-reduction-small-platforms=262144"
    "memorysetup-temp-allocator-size-background-worker=32768"
    "memorysetup-temp-allocator-size-job-worker=262144"
    "memorysetup-temp-allocator-size-preload-manager=33554432"
    "memorysetup-temp-allocator-size-nav-mesh-worker=65536"
    "memorysetup-temp-allocator-size-audio-worker=65536"
    "memorysetup-temp-allocator-size-cloud-worker=32768"
    "memorysetup-temp-allocator-size-gi-baking-worker=262144"
    "memorysetup-temp-allocator-size-gfx=262144"
Refreshing native plugins compatible for Editor in 81.26 ms, found 4 plugins.
Preloading 0 native plugins for Editor in 0.00 ms.
Initialize engine version: 2022.1.0a15 (49120632d05b)
[Subsystems] Discovering subsystems at path C:/Program Files/Unity/Editor/2022.1.0a15/Editor/Data/Resources/UnitySubsystems
[Subsystems] Discovering subsystems at path C:/Users/PeteAlexLaws/Desktop/CISC_167/Test/New Unity Project/Assets
GfxDevice: creating device client; threaded=0; jobified=0
Direct3D:
    Version:  Direct3D 11.0 [level 11.1]
    Renderer: NVIDIA GeForce RTX 2080 Ti (ID=0x1e07)
    Vendor:   NVIDIA
    VRAM:     11048 MB
    Driver:   30.0.14.7247
Initialize mono
Mono path[0] = 'C:/Program Files/Unity/Editor/2022.1.0a15/Editor/Data/Managed'
Mono path[1] = 'C:/Program Files/Unity/Editor/2022.1.0a15/Editor/Data/MonoBleedingEdge/lib/mono/unityjit-win32'
Mono config path = 'C:/Program Files/Unity/Editor/2022.1.0a15/Editor/Data/MonoBleedingEdge/etc'
Using monoOptions --debugger-agent=transport=dt_socket,embedding=1,server=y,suspend=n,address=127.0.0.1:56344
Begin MonoManager ReloadAssembly
Registering precompiled unity dll's ...
Register platform support module: C:/Program Files/Unity/Editor/2022.1.0a15/Editor/Data/PlaybackEngines/WindowsStandaloneSupport/UnityEditor.WindowsStandalone.Extensions.dll
Registered in 0.005852 seconds.
Native extension for WindowsStandalone target not found
Refreshing native plugins compatible for Editor in 89.28 ms, found 4 plugins.
Preloading 0 native plugins for Editor in 0.00 ms.
Mono: successfully reloaded assembly
- Completed reload, in  0.611 seconds
Domain Reload Profiling:
	ReloadAssembly (612ms)
		BeginReloadAssembly (70ms)
			ExecutionOrderSort (0ms)
			DisableScriptedObjects (0ms)
			BackupInstance (0ms)
			ReleaseScriptingObjects (0ms)
			CreateAndSetChildDomain (1ms)
		EndReloadAssembly (467ms)
			LoadAssemblies (68ms)
			RebuildTransferFunctionScriptingTraits (0ms)
			SetupTypeCache (110ms)
				TypeCache.Initialize (110ms)
					TypeCache.ScanAssembly (109ms)
				ResolveRequiredComponents (0ms)
			ReleaseScriptCaches (0ms)
			RebuildScriptCaches (31ms)
			SetupLoadedEditorAssemblies (274ms)
				LogAssemblyErrors (0ms)
				InitializePlatformSupportModulesInManaged (14ms)
				SetLoadedEditorAssemblies (7ms)
				RefreshPlugins (89ms)
				BeforeProcessingInitializeOnLoad (1ms)
				ProcessInitializeOnLoadAttributes (120ms)
				ProcessInitializeOnLoadMethodAttributes (42ms)
				AfterProcessingInitializeOnLoad (0ms)
				EditorAssembliesLoaded (0ms)
			ExecutionOrderSort2 (0ms)
			AwakeInstancesAfterBackupRestoration (0ms)
Platform modules already initialized, skipping
Registering precompiled user dll's ...
Registered in 0.006843 seconds.
Begin MonoManager ReloadAssembly
Symbol file LoadedFromMemory doesn't match image C:\Users\PeteAlexLaws\Desktop\CISC_167\Test\New Unity Project\Library\PackageCache\com.unity.visualscripting@1.7.5\Editor\VisualScripting.Core\Dependencies\YamlDotNet\Unity.VisualScripting.YamlDotNet.dll
Symbol file LoadedFromMemory doesn't match image C:\Users\PeteAlexLaws\Desktop\CISC_167\Test\New Unity Project\Library\PackageCache\com.unity.visualscripting@1.7.5\Editor\VisualScripting.Core\Dependencies\DotNetZip\Unity.VisualScripting.IonicZip.dll
Native extension for WindowsStandalone target not found
Refreshing native plugins compatible for Editor in 78.14 ms, found 4 plugins.
Preloading 0 native plugins for Editor in 0.00 ms.
Mono: successfully reloaded assembly
- Completed reload, in  1.642 seconds
Domain Reload Profiling:
	ReloadAssembly (1643ms)
		BeginReloadAssembly (107ms)
			ExecutionOrderSort (0ms)
			DisableScriptedObjects (5ms)
			BackupInstance (0ms)
			ReleaseScriptingObjects (0ms)
			CreateAndSetChildDomain (22ms)
		EndReloadAssembly (1445ms)
			LoadAssemblies (73ms)
			RebuildTransferFunctionScriptingTraits (0ms)
			SetupTypeCache (226ms)
				TypeCache.Initialize (222ms)
					TypeCache.ScanAssembly (218ms)
				ResolveRequiredComponents (4ms)
			ReleaseScriptCaches (1ms)
			RebuildScriptCaches (52ms)
			SetupLoadedEditorAssemblies (1039ms)
				LogAssemblyErrors (0ms)
				InitializePlatformSupportModulesInManaged (10ms)
				SetLoadedEditorAssemblies (7ms)
				RefreshPlugins (78ms)
				BeforeProcessingInitializeOnLoad (92ms)
				ProcessInitializeOnLoadAttributes (810ms)
				ProcessInitializeOnLoadMethodAttributes (35ms)
				AfterProcessingInitializeOnLoad (7ms)
				EditorAssembliesLoaded (0ms)
			ExecutionOrderSort2 (0ms)
			AwakeInstancesAfterBackupRestoration (6ms)
Platform modules already initialized, skipping
========================================================================
Worker process is ready to serve import requests
Launched and connected shader compiler UnityShaderCompiler.exe after 0.07 seconds
Refreshing native plugins compatible for Editor in 1.15 ms, found 4 plugins.
Preloading 0 native plugins for Editor in 0.00 ms.
Unloading 3921 Unused Serialized files (Serialized files now loaded: 0)
Unloading 44 unused Assets / (235.5 KB). Loaded Objects now: 4372.
Memory consumption went from 160.6 MB to 160.3 MB.
Total: 3.799200 ms (FindLiveObjects: 0.298000 ms CreateObjectMapping: 0.306100 ms MarkObjects: 3.035100 ms  DeleteObjects: 0.158600 ms)

AssetImportParameters requested are different than current active one (requested -> active):
  custom:video-decoder-ogg-theora: a1e56fd34408186e4bbccfd4996cb3dc -> 
  custom:container-muxer-webm: aa71ff27fc2769a1b78a27578f13a17b -> 
  custom:container-demuxer-webm: 4f35f7cbe854078d1ac9338744f61a02 -> 
  custom:video-encoder-webm-vp8: eb34c28f22e8b96e1ab97ce403110664 -> 
  custom:audio-encoder-webm-vorbis: bf7c407c2cedff20999df2af8eb42d56 -> 
  custom:framework-win-MediaFoundation: 216162199b28c13a410421893ffa2e32 -> 
  custom:container-demuxer-ogg: 62fdf1f143b41e24485cea50d1cbac27 -> 
  custom:video-decoder-webm-vp8: 9c59270c3fd7afecdb556c50c9e8de78 -> 
  custom:audio-decoder-ogg-vorbis: bf7c407c2cedff20999df2af8eb42d56 -> 
========================================================================
Received Import Request.
  Time since last request: 977140.974492 seconds.
  path: Assets/Nature_pixel_art_assets/Nature_tiles_01/nature_environment_01_0.asset
  artifactKey: Guid(ec21ed33cdc49584cbfdc700b4a6a509) Importer(815301076,1909f56bfc062723c751e8b465ee728b)
Start importing Assets/Nature_pixel_art_assets/Nature_tiles_01/nature_environment_01_0.asset using Guid(ec21ed33cdc49584cbfdc700b4a6a509) Importer(815301076,1909f56bfc062723c751e8b465ee728b)  -> (artifact id: 'c0c827eb572b2c0c00d5e6f62f9724c8') in 0.069561 seconds 
========================================================================
Received Import Request.
  Time since last request: 0.000025 seconds.
  path: Assets/Nature_pixel_art_assets/Nature_tiles_01/nature_environment_01_21.asset
  artifactKey: Guid(1ee469289045b9d429f71472649a16d6) Importer(815301076,1909f56bfc062723c751e8b465ee728b)
Start importing Assets/Nature_pixel_art_assets/Nature_tiles_01/nature_environment_01_21.asset using Guid(1ee469289045b9d429f71472649a16d6) Importer(815301076,1909f56bfc062723c751e8b465ee728b)  -> (artifact id: 'c4d84352eed19ef3ed7bf52499e0eeb2') in 0.013044 seconds 
========================================================================
Received Import Request.
  Time since last request: 0.000015 seconds.
  path: Assets/Nature_pixel_art_assets/Nature_tiles_01/nature_environment_01_52.asset
  artifactKey: Guid(62077ef255209314bbd51a66e43cae49) Importer(815301076,1909f56bfc062723c751e8b465ee728b)
Start importing Assets/Nature_pixel_art_assets/Nature_tiles_01/nature_environment_01_52.asset using Guid(62077ef255209314bbd51a66e43cae49) Importer(815301076,1909f56bfc062723c751e8b465ee728b)  -> (artifact id: '2b3b31d9072af5278d19897a3f8c3103') in 0.010661 seconds 
========================================================================
Received Import Request.
  Time since last request: 0.000015 seconds.
  path: Assets/Nature_pixel_art_assets/Nature_tiles_01/nature_environment_01_60.asset
  artifactKey: Guid(0dbe66b83d5b278498715179f8f5a55c) Importer(815301076,1909f56bfc062723c751e8b465ee728b)
Start importing Assets/Nature_pixel_art_assets/Nature_tiles_01/nature_environment_01_60.asset using Guid(0dbe66b83d5b278498715179f8f5a55c) Importer(815301076,1909f56bfc062723c751e8b465ee728b)  -> (artifact id: 'ebef59a8f235e0163b84197b22a916f6') in 0.011793 seconds 
========================================================================
Received Import Request.
  Time since last request: 0.000020 seconds.
  path: Assets/Nature_pixel_art_assets/Nature_tiles_01/nature_environment_01_22.asset
  artifactKey: Guid(4c2297356eeba364aa3866935a512bba) Importer(815301076,1909f56bfc062723c751e8b465ee728b)
Start importing Assets/Nature_pixel_art_assets/Nature_tiles_01/nature_environment_01_22.asset using Guid(4c2297356eeba364aa3866935a512bba) Importer(815301076,1909f56bfc062723c751e8b465ee728b)  -> (artifact id: '756d90f249c75a02fdc6a08edb6073ac') in 0.012075 seconds 
========================================================================
Received Import Request.
  Time since last request: 0.000017 seconds.
  path: Assets/Nature_pixel_art_assets/Nature_tiles_01/nature_environment_01_1.asset
  artifactKey: Guid(f89e0e4d00dd9ff4a82ac37553eb9157) Importer(815301076,1909f56bfc062723c751e8b465ee728b)
Start importing Assets/Nature_pixel_art_assets/Nature_tiles_01/nature_environment_01_1.asset using Guid(f89e0e4d00dd9ff4a82ac37553eb9157) Importer(815301076,1909f56bfc062723c751e8b465ee728b)  -> (artifact id: '163a164d9fbbb2f208bf2270d3cfdcd2') in 0.011428 seconds 
========================================================================
Received Import Request.
  Time since last request: 0.000016 seconds.
  path: Assets/Nature_pixel_art_assets/Nature_tiles_01/nature_environment_01_6.asset
  artifactKey: Guid(e74c3baec492aa2438f762ec6c7c0072) Importer(815301076,1909f56bfc062723c751e8b465ee728b)
Start importing Assets/Nature_pixel_art_assets/Nature_tiles_01/nature_environment_01_6.asset using Guid(e74c3baec492aa2438f762ec6c7c0072) Importer(815301076,1909f56bfc062723c751e8b465ee728b)  -> (artifact id: '941f30906e60e3c3e3054d5206eb54a4') in 0.012979 seconds 
========================================================================
Received Import Request.
  Time since last request: 0.000019 seconds.
  path: Assets/Nature_pixel_art_assets/Nature_tiles_01/nature_environment_01_49.asset
  artifactKey: Guid(c066c821f73cfca4094b8b06fe495945) Importer(815301076,1909f56bfc062723c751e8b465ee728b)
Start importing Assets/Nature_pixel_art_assets/Nature_tiles_01/nature_environment_01_49.asset using Guid(c066c821f73cfca4094b8b06fe495945) Importer(815301076,1909f56bfc062723c751e8b465ee728b)  -> (artifact id: '42e599a36401d8e9d2821ab5b113f6d8') in 0.014388 seconds 
========================================================================
Received Import Request.
  Time since last request: 0.000023 seconds.
  path: Assets/Nature_pixel_art_assets/Nature_tiles_01/nature_environment_01_16.asset
  artifactKey: Guid(9d6d4449ed4cb94409aea661bc42fe1f) Importer(815301076,1909f56bfc062723c751e8b465ee728b)
Start importing Assets/Nature_pixel_art_assets/Nature_tiles_01/nature_environment_01_16.asset using Guid(9d6d4449ed4cb94409aea661bc42fe1f) Importer(815301076,1909f56bfc062723c751e8b465ee728b)  -> (artifact id: '1340368dafe98e716865feb9b4fc0a8c') in 0.011751 seconds 
========================================================================
Received Import Request.
  Time since last request: 0.000025 seconds.
  path: Assets/Nature_pixel_art_assets/Nature_tiles_01/nature_environment_01_8.asset
  artifactKey: Guid(1c4046e470f8fe04fb25cbdc443ffb7a) Importer(815301076,1909f56bfc062723c751e8b465ee728b)
Start importing Assets/Nature_pixel_art_assets/Nature_tiles_01/nature_environment_01_8.asset using Guid(1c4046e470f8fe04fb25cbdc443ffb7a) Importer(815301076,1909f56bfc062723c751e8b465ee728b)  -> (artifact id: 'a1d7606ba0e5f6b9a264adc772c48172') in 0.015174 seconds 
========================================================================
Received Import Request.
  Time since last request: 0.000024 seconds.
  path: Assets/Nature_pixel_art_assets/Nature_tiles_01/nature_environment_01_28.asset
  artifactKey: Guid(6967eb696fdf710419c01d1cecbe402b) Importer(815301076,1909f56bfc062723c751e8b465ee728b)
Start importing Assets/Nature_pixel_art_assets/Nature_tiles_01/nature_environment_01_28.asset using Guid(6967eb696fdf710419c01d1cecbe402b) Importer(815301076,1909f56bfc062723c751e8b465ee728b)  -> (artifact id: '0c99087d96fdb5e57d2d01c7c7e69493') in 0.015596 seconds 
========================================================================
Received Import Request.
  Time since last request: 0.000021 seconds.
  path: Assets/Nature_pixel_art_assets/Nature_tiles_01/nature_environment_01_9.asset
  artifactKey: Guid(a52b44c5cb2213f46a274bf1b336bf94) Importer(815301076,1909f56bfc062723c751e8b465ee728b)
Start importing Assets/Nature_pixel_art_assets/Nature_tiles_01/nature_environment_01_9.asset using Guid(a52b44c5cb2213f46a274bf1b336bf94) Importer(815301076,1909f56bfc062723c751e8b465ee728b)  -> (artifact id: '50698c9e2d6005fd5974de757e2a7838') in 0.013182 seconds 
========================================================================
Received Import Request.
  Time since last request: 0.000022 seconds.
  path: Assets/Nature_pixel_art_assets/Nature_tiles_01/nature_environment_01_35.asset
  artifactKey: Guid(53d36402410e9424483884e2d7dacbd6) Importer(815301076,1909f56bfc062723c751e8b465ee728b)
Start importing Assets/Nature_pixel_art_assets/Nature_tiles_01/nature_environment_01_35.asset using Guid(53d36402410e9424483884e2d7dacbd6) Importer(815301076,1909f56bfc062723c751e8b465ee728b)  -> (artifact id: '456f0c17ca6fb130d9dd0e829568e60b') in 0.011196 seconds 
========================================================================
Received Import Request.
  Time since last request: 0.000016 seconds.
  path: Assets/Nature_pixel_art_assets/Nature_tiles_01/nature_environment_01_10.asset
  artifactKey: Guid(cbe3998d4d0509d40bbad333e66f6646) Importer(815301076,1909f56bfc062723c751e8b465ee728b)
Start importing Assets/Nature_pixel_art_assets/Nature_tiles_01/nature_environment_01_10.asset using Guid(cbe3998d4d0509d40bbad333e66f6646) Importer(815301076,1909f56bfc062723c751e8b465ee728b)  -> (artifact id: '2722ff3ae10740f0a1be01ca19e17f78') in 0.011166 seconds 
========================================================================
Received Import Request.
  Time since last request: 0.000022 seconds.
  path: Assets/Nature_pixel_art_assets/Nature_tiles_01/nature_environment_01_7.asset
  artifactKey: Guid(d2f43fb3ea3302849bb80e0affd927a7) Importer(815301076,1909f56bfc062723c751e8b465ee728b)
Start importing Assets/Nature_pixel_art_assets/Nature_tiles_01/nature_environment_01_7.asset using Guid(d2f43fb3ea3302849bb80e0affd927a7) Importer(815301076,1909f56bfc062723c751e8b465ee728b)  -> (artifact id: 'cd8e36c432e71b07e5fb0b1664d96294') in 0.014487 seconds 
========================================================================
Received Import Request.
  Time since last request: 0.000022 seconds.
  path: Assets/Nature_pixel_art_assets/Nature_tiles_01/nature_environment_01_19.asset
  artifactKey: Guid(5cad1f295968b9540a2900c644a2de18) Importer(815301076,1909f56bfc062723c751e8b465ee728b)
Start importing Assets/Nature_pixel_art_assets/Nature_tiles_01/nature_environment_01_19.asset using Guid(5cad1f295968b9540a2900c644a2de18) Importer(815301076,1909f56bfc062723c751e8b465ee728b)  -> (artifact id: 'a065183e8d1670749c6b8e977ef1695d') in 0.014105 seconds 
========================================================================
Received Import Request.
  Time since last request: 0.000019 seconds.
  path: Assets/Nature_pixel_art_assets/Nature_tiles_01/nature_environment_01_57.asset
  artifactKey: Guid(6d624f23e124ff044b7cd77cbe30a9ea) Importer(815301076,1909f56bfc062723c751e8b465ee728b)
Start importing Assets/Nature_pixel_art_assets/Nature_tiles_01/nature_environment_01_57.asset using Guid(6d624f23e124ff044b7cd77cbe30a9ea) Importer(815301076,1909f56bfc062723c751e8b465ee728b)  -> (artifact id: '2966d6552781d9c66ad218dc0cdf11b7') in 0.013121 seconds 
========================================================================
Received Import Request.
  Time since last request: 0.000020 seconds.
  path: Assets/Nature_pixel_art_assets/Nature_tiles_01/nature_environment_01_24.asset
  artifactKey: Guid(f580e8ca563a1424b9277f875e0d2f80) Importer(815301076,1909f56bfc062723c751e8b465ee728b)
Start importing Assets/Nature_pixel_art_assets/Nature_tiles_01/nature_environment_01_24.asset using Guid(f580e8ca563a1424b9277f875e0d2f80) Importer(815301076,1909f56bfc062723c751e8b465ee728b)  -> (artifact id: '21fc9303b6ab76f4641110e65711acdd') in 0.013137 seconds 
========================================================================
Received Import Request.
  Time since last request: 0.000022 seconds.
  path: Assets/Nature_pixel_art_assets/Nature_tiles_01/nature_environment_01_4.asset
  artifactKey: Guid(2975d8115b55ff94e9211e41b27df783) Importer(815301076,1909f56bfc062723c751e8b465ee728b)
Start importing Assets/Nature_pixel_art_assets/Nature_tiles_01/nature_environment_01_4.asset using Guid(2975d8115b55ff94e9211e41b27df783) Importer(815301076,1909f56bfc062723c751e8b465ee728b)  -> (artifact id: '42dc5f87defa195a724294ede251a05c') in 0.012485 seconds 
========================================================================
Received Import Request.
  Time since last request: 0.000018 seconds.
  path: Assets/Nature_pixel_art_assets/Nature_tiles_01/nature_environment_01_3.asset
  artifactKey: Guid(fb4007b597714824bb4594d5d930448c) Importer(815301076,1909f56bfc062723c751e8b465ee728b)
Start importing Assets/Nature_pixel_art_assets/Nature_tiles_01/nature_environment_01_3.asset using Guid(fb4007b597714824bb4594d5d930448c) Importer(815301076,1909f56bfc062723c751e8b465ee728b)  -> (artifact id: 'e0fe48bdccfc6445f348a9523e24f5d2') in 0.013372 seconds 
========================================================================
Received Import Request.
  Time since last request: 0.000019 seconds.
  path: Assets/Nature_pixel_art_assets/Nature_tiles_01/nature_environment_01_29.asset
  artifactKey: Guid(4b1fecd43e2cc744e91a26c54b90d8cf) Importer(815301076,1909f56bfc062723c751e8b465ee728b)
Start importing Assets/Nature_pixel_art_assets/Nature_tiles_01/nature_environment_01_29.asset using Guid(4b1fecd43e2cc744e91a26c54b90d8cf) Importer(815301076,1909f56bfc062723c751e8b465ee728b)  -> (artifact id: '90b2bfe39d82cc46c02bf2cc2a7705d7') in 0.013557 seconds 
========================================================================
Received Import Request.
  Time since last request: 0.000028 seconds.
  path: Assets/Nature_pixel_art_assets/Nature_tiles_01/nature_environment_01_26.asset
  artifactKey: Guid(8537a0d405d0f474791d1cbaf6a6df08) Importer(815301076,1909f56bfc062723c751e8b465ee728b)
Start importing Assets/Nature_pixel_art_assets/Nature_tiles_01/nature_environment_01_26.asset using Guid(8537a0d405d0f474791d1cbaf6a6df08) Importer(815301076,1909f56bfc062723c751e8b465ee728b)  -> (artifact id: 'e0dddcf15ae511f084cdd14eaa33dd54') in 0.013695 seconds 
========================================================================
Received Import Request.
  Time since last request: 0.000036 seconds.
  path: Assets/Nature_pixel_art_assets/Nature_tiles_01/nature_environment_01_58.asset
  artifactKey: Guid(dda74bf3b6f8975449c615434310cbac) Importer(815301076,1909f56bfc062723c751e8b465ee728b)
Start importing Assets/Nature_pixel_art_assets/Nature_tiles_01/nature_environment_01_58.asset using Guid(dda74bf3b6f8975449c615434310cbac) Importer(815301076,1909f56bfc062723c751e8b465ee728b)  -> (artifact id: '3dbfbf324ba48df7219475e5e351ba9d') in 0.013440 seconds 
========================================================================
Received Import Request.
  Time since last request: 0.000021 seconds.
  path: Assets/Nature_pixel_art_assets/Nature_tiles_01/nature_environment_01_23.asset
  artifactKey: Guid(90daa546f7822124ebece44e698a9db9) Importer(815301076,1909f56bfc062723c751e8b465ee728b)
Start importing Assets/Nature_pixel_art_assets/Nature_tiles_01/nature_environment_01_23.asset using Guid(90daa546f7822124ebece44e698a9db9) Importer(815301076,1909f56bfc062723c751e8b465ee728b)  -> (artifact id: '9b336f231c0e6463a8d472d19492a453') in 0.013517 seconds 
========================================================================
Received Import Request.
  Time since last request: 0.000024 seconds.
  path: Assets/Nature_pixel_art_assets/Nature_tiles_01/nature_environment_01_42.asset
  artifactKey: Guid(7edb7b09558aa5546b128e5ac0ebb4fc) Importer(815301076,1909f56bfc062723c751e8b465ee728b)
Start importing Assets/Nature_pixel_art_assets/Nature_tiles_01/nature_environment_01_42.asset using Guid(7edb7b09558aa5546b128e5ac0ebb4fc) Importer(815301076,1909f56bfc062723c751e8b465ee728b)  -> (artifact id: 'c947731b5608f51b1bd7378766c1c570') in 0.014131 seconds 
========================================================================
Received Import Request.
  Time since last request: 0.000018 seconds.
  path: Assets/Nature_pixel_art_assets/Nature_tiles_01/nature_environment_01_64.asset
  artifactKey: Guid(d5eed85282f1e6f4e8b614b17187e68d) Importer(815301076,1909f56bfc062723c751e8b465ee728b)
Start importing Assets/Nature_pixel_art_assets/Nature_tiles_01/nature_environment_01_64.asset using Guid(d5eed85282f1e6f4e8b614b17187e68d) Importer(815301076,1909f56bfc062723c751e8b465ee728b)  -> (artifact id: '6b5cf8684a1474c832cd10367a7a3803') in 0.013845 seconds 
========================================================================
Received Import Request.
  Time since last request: 0.000021 seconds.
  path: Assets/Nature_pixel_art_assets/Nature_tiles_01/nature_environment_01_39.asset
  artifactKey: Guid(570068a36440d9843bdbbab8b5a35f0d) Importer(815301076,1909f56bfc062723c751e8b465ee728b)
Start importing Assets/Nature_pixel_art_assets/Nature_tiles_01/nature_environment_01_39.asset using Guid(570068a36440d9843bdbbab8b5a35f0d) Importer(815301076,1909f56bfc062723c751e8b465ee728b)  -> (artifact id: '141e04c75021c8050cedb09001b3737c') in 0.014915 seconds 
========================================================================
Received Import Request.
  Time since last request: 0.000025 seconds.
  path: Assets/Nature_pixel_art_assets/Nature_tiles_01/nature_environment_01_62.asset
  artifactKey: Guid(b2ae07dd078240b498f766dd4460429c) Importer(815301076,1909f56bfc062723c751e8b465ee728b)
Start importing Assets/Nature_pixel_art_assets/Nature_tiles_01/nature_environment_01_62.asset using Guid(b2ae07dd078240b498f766dd4460429c) Importer(815301076,1909f56bfc062723c751e8b465ee728b)  -> (artifact id: 'cf0523b35e6812040213950ec4229775') in 0.013658 seconds 
========================================================================
Received Import Request.
  Time since last request: 0.000021 seconds.
  path: Assets/Nature_pixel_art_assets/Nature_tiles_01/nature_environment_01_47.asset
  artifactKey: Guid(9d089f408eb9f7c4e8c1d55f66239dbd) Importer(815301076,1909f56bfc062723c751e8b465ee728b)
Start importing Assets/Nature_pixel_art_assets/Nature_tiles_01/nature_environment_01_47.asset using Guid(9d089f408eb9f7c4e8c1d55f66239dbd) Importer(815301076,1909f56bfc062723c751e8b465ee728b)  -> (artifact id: 'cabf41b38435a873a56c80493d45df11') in 0.016623 seconds 
========================================================================
Received Import Request.
  Time since last request: 0.000037 seconds.
  path: Assets/Nature_pixel_art_assets/Nature_tiles_01/nature_environment_01_20.asset
  artifactKey: Guid(7b5a2d31a0ae1ce4883928e9d5aa6eb2) Importer(815301076,1909f56bfc062723c751e8b465ee728b)
Start importing Assets/Nature_pixel_art_assets/Nature_tiles_01/nature_environment_01_20.asset using Guid(7b5a2d31a0ae1ce4883928e9d5aa6eb2) Importer(815301076,1909f56bfc062723c751e8b465ee728b)  -> (artifact id: 'af3b9e82c2c7edcc7ad211e1c89045de') in 0.016323 seconds 
========================================================================
Received Import Request.
  Time since last request: 0.000022 seconds.
  path: Assets/Nature_pixel_art_assets/Nature_tiles_01/nature_environment_01_15.asset
  artifactKey: Guid(d0485154e49df3946b8c2c9b28b2b580) Importer(815301076,1909f56bfc062723c751e8b465ee728b)
Start importing Assets/Nature_pixel_art_assets/Nature_tiles_01/nature_environment_01_15.asset using Guid(d0485154e49df3946b8c2c9b28b2b580) Importer(815301076,1909f56bfc062723c751e8b465ee728b)  -> (artifact id: '6a3197c82c9d0f0da4a69cf14fd7f019') in 0.012680 seconds 
========================================================================
Received Import Request.
  Time since last request: 0.000016 seconds.
  path: Assets/Nature_pixel_art_assets/Nature_tiles_01/nature_environment_01_50.asset
  artifactKey: Guid(2e6a5213fa20e064ba85db2802d863e6) Importer(815301076,1909f56bfc062723c751e8b465ee728b)
Start importing Assets/Nature_pixel_art_assets/Nature_tiles_01/nature_environment_01_50.asset using Guid(2e6a5213fa20e064ba85db2802d863e6) Importer(815301076,1909f56bfc062723c751e8b465ee728b)  -> (artifact id: '8500a924c4dc74f5910a2dc89c48027c') in 0.012082 seconds 
