Using pre-set license
Built from 'trunk' branch; Version is '2022.1.0a15 (49120632d05b) revision 4788742'; Using compiler version '192829333'; Build Type 'Release'
OS: 'Windows 10  (10.0.19043) 64bit Professional' Language: 'en' Physical Memory: 16316 MB
BatchMode: 1, IsHumanControllingUs: 0, StartBugReporterOnCrash: 0, Is64bit: 1, IsPro: 0

COMMAND LINE ARGUMENTS:
C:\Program Files\Unity\Editor\2022.1.0a15\Editor\Unity.exe
-adb2
-batchMode
-noUpm
-name
AssetImportWorker1
-projectPath
C:/Users/PeteAlexLaws/Desktop/CISC_167/Test/New Unity Project
-logFile
Logs/AssetImportWorker1.log
-srvPort
60091
Successfully changed project path to: C:/Users/PeteAlexLaws/Desktop/CISC_167/Test/New Unity Project
C:/Users/PeteAlexLaws/Desktop/CISC_167/Test/New Unity Project
[UnityMemory] Configuration Parameters - Can be set up in boot.config
    "memorysetup-bucket-allocator-granularity=16"
    "memorysetup-bucket-allocator-bucket-count=8"
    "memorysetup-bucket-allocator-block-size=33554432"
    "memorysetup-bucket-allocator-block-count=8"
    "memorysetup-main-allocator-block-size=16777216"
    "memorysetup-thread-allocator-block-size=16777216"
    "memorysetup-gfx-main-allocator-block-size=16777216"
    "memorysetup-gfx-thread-allocator-block-size=16777216"
    "memorysetup-cache-allocator-block-size=4194304"
    "memorysetup-typetree-allocator-block-size=2097152"
    "memorysetup-profiler-bucket-allocator-granularity=16"
    "memorysetup-profiler-bucket-allocator-bucket-count=8"
    "memorysetup-profiler-bucket-allocator-block-size=33554432"
    "memorysetup-profiler-bucket-allocator-block-count=8"
    "memorysetup-profiler-allocator-block-size=16777216"
    "memorysetup-profiler-editor-allocator-block-size=1048576"
    "memorysetup-temp-allocator-size-main=16777216"
    "memorysetup-job-temp-allocator-block-size=2097152"
    "memorysetup-job-temp-allocator-block-size-background=1048576"
    "memorysetup-job-temp-allocator-reduction-small-platforms=262144"
    "memorysetup-temp-allocator-size-background-worker=32768"
    "memorysetup-temp-allocator-size-job-worker=262144"
    "memorysetup-temp-allocator-size-preload-manager=33554432"
    "memorysetup-temp-allocator-size-nav-mesh-worker=65536"
    "memorysetup-temp-allocator-size-audio-worker=65536"
    "memorysetup-temp-allocator-size-cloud-worker=32768"
    "memorysetup-temp-allocator-size-gi-baking-worker=262144"
    "memorysetup-temp-allocator-size-gfx=262144"
Refreshing native plugins compatible for Editor in 82.90 ms, found 4 plugins.
Preloading 0 native plugins for Editor in 0.00 ms.
Initialize engine version: 2022.1.0a15 (49120632d05b)
[Subsystems] Discovering subsystems at path C:/Program Files/Unity/Editor/2022.1.0a15/Editor/Data/Resources/UnitySubsystems
[Subsystems] Discovering subsystems at path C:/Users/PeteAlexLaws/Desktop/CISC_167/Test/New Unity Project/Assets
GfxDevice: creating device client; threaded=0; jobified=0
Direct3D:
    Version:  Direct3D 11.0 [level 11.1]
    Renderer: NVIDIA GeForce RTX 2080 Ti (ID=0x1e07)
    Vendor:   NVIDIA
    VRAM:     11048 MB
    Driver:   30.0.14.7247
Initialize mono
Mono path[0] = 'C:/Program Files/Unity/Editor/2022.1.0a15/Editor/Data/Managed'
Mono path[1] = 'C:/Program Files/Unity/Editor/2022.1.0a15/Editor/Data/MonoBleedingEdge/lib/mono/unityjit-win32'
Mono config path = 'C:/Program Files/Unity/Editor/2022.1.0a15/Editor/Data/MonoBleedingEdge/etc'
Using monoOptions --debugger-agent=transport=dt_socket,embedding=1,server=y,suspend=n,address=127.0.0.1:56052
Begin MonoManager ReloadAssembly
Registering precompiled unity dll's ...
Register platform support module: C:/Program Files/Unity/Editor/2022.1.0a15/Editor/Data/PlaybackEngines/WindowsStandaloneSupport/UnityEditor.WindowsStandalone.Extensions.dll
Registered in 0.006475 seconds.
Native extension for WindowsStandalone target not found
Refreshing native plugins compatible for Editor in 93.87 ms, found 4 plugins.
Preloading 0 native plugins for Editor in 0.00 ms.
Mono: successfully reloaded assembly
- Completed reload, in  0.657 seconds
Domain Reload Profiling:
	ReloadAssembly (657ms)
		BeginReloadAssembly (77ms)
			ExecutionOrderSort (0ms)
			DisableScriptedObjects (0ms)
			BackupInstance (0ms)
			ReleaseScriptingObjects (0ms)
			CreateAndSetChildDomain (1ms)
		EndReloadAssembly (506ms)
			LoadAssemblies (74ms)
			RebuildTransferFunctionScriptingTraits (0ms)
			SetupTypeCache (120ms)
				TypeCache.Initialize (119ms)
					TypeCache.ScanAssembly (118ms)
				ResolveRequiredComponents (0ms)
			ReleaseScriptCaches (0ms)
			RebuildScriptCaches (33ms)
			SetupLoadedEditorAssemblies (301ms)
				LogAssemblyErrors (0ms)
				InitializePlatformSupportModulesInManaged (15ms)
				SetLoadedEditorAssemblies (8ms)
				RefreshPlugins (94ms)
				BeforeProcessingInitializeOnLoad (2ms)
				ProcessInitializeOnLoadAttributes (131ms)
				ProcessInitializeOnLoadMethodAttributes (51ms)
				AfterProcessingInitializeOnLoad (0ms)
				EditorAssembliesLoaded (0ms)
			ExecutionOrderSort2 (0ms)
			AwakeInstancesAfterBackupRestoration (0ms)
Platform modules already initialized, skipping
Registering precompiled user dll's ...
Registered in 0.007975 seconds.
Begin MonoManager ReloadAssembly
Symbol file LoadedFromMemory doesn't match image C:\Users\PeteAlexLaws\Desktop\CISC_167\Test\New Unity Project\Library\PackageCache\com.unity.visualscripting@1.7.5\Editor\VisualScripting.Core\Dependencies\YamlDotNet\Unity.VisualScripting.YamlDotNet.dll
Symbol file LoadedFromMemory doesn't match image C:\Users\PeteAlexLaws\Desktop\CISC_167\Test\New Unity Project\Library\PackageCache\com.unity.visualscripting@1.7.5\Editor\VisualScripting.Core\Dependencies\DotNetZip\Unity.VisualScripting.IonicZip.dll
Native extension for WindowsStandalone target not found
Refreshing native plugins compatible for Editor in 75.69 ms, found 4 plugins.
Preloading 0 native plugins for Editor in 0.00 ms.
Mono: successfully reloaded assembly
- Completed reload, in  1.645 seconds
Domain Reload Profiling:
	ReloadAssembly (1646ms)
		BeginReloadAssembly (128ms)
			ExecutionOrderSort (0ms)
			DisableScriptedObjects (7ms)
			BackupInstance (0ms)
			ReleaseScriptingObjects (0ms)
			CreateAndSetChildDomain (21ms)
		EndReloadAssembly (1422ms)
			LoadAssemblies (79ms)
			RebuildTransferFunctionScriptingTraits (0ms)
			SetupTypeCache (247ms)
				TypeCache.Initialize (242ms)
					TypeCache.ScanAssembly (239ms)
				ResolveRequiredComponents (4ms)
			ReleaseScriptCaches (1ms)
			RebuildScriptCaches (53ms)
			SetupLoadedEditorAssemblies (996ms)
				LogAssemblyErrors (0ms)
				InitializePlatformSupportModulesInManaged (10ms)
				SetLoadedEditorAssemblies (7ms)
				RefreshPlugins (76ms)
				BeforeProcessingInitializeOnLoad (96ms)
				ProcessInitializeOnLoadAttributes (766ms)
				ProcessInitializeOnLoadMethodAttributes (35ms)
				AfterProcessingInitializeOnLoad (7ms)
				EditorAssembliesLoaded (0ms)
			ExecutionOrderSort2 (0ms)
			AwakeInstancesAfterBackupRestoration (6ms)
Platform modules already initialized, skipping
========================================================================
Worker process is ready to serve import requests
Launched and connected shader compiler UnityShaderCompiler.exe after 0.08 seconds
Refreshing native plugins compatible for Editor in 1.18 ms, found 4 plugins.
Preloading 0 native plugins for Editor in 0.00 ms.
Unloading 3921 Unused Serialized files (Serialized files now loaded: 0)
Unloading 44 unused Assets / (235.4 KB). Loaded Objects now: 4371.
Memory consumption went from 160.8 MB to 160.5 MB.
Total: 4.850200 ms (FindLiveObjects: 0.358500 ms CreateObjectMapping: 0.340000 ms MarkObjects: 3.930500 ms  DeleteObjects: 0.219800 ms)

AssetImportParameters requested are different than current active one (requested -> active):
  custom:video-decoder-ogg-theora: a1e56fd34408186e4bbccfd4996cb3dc -> 
  custom:container-muxer-webm: aa71ff27fc2769a1b78a27578f13a17b -> 
  custom:container-demuxer-webm: 4f35f7cbe854078d1ac9338744f61a02 -> 
  custom:video-encoder-webm-vp8: eb34c28f22e8b96e1ab97ce403110664 -> 
  custom:audio-encoder-webm-vorbis: bf7c407c2cedff20999df2af8eb42d56 -> 
  custom:framework-win-MediaFoundation: 216162199b28c13a410421893ffa2e32 -> 
  custom:container-demuxer-ogg: 62fdf1f143b41e24485cea50d1cbac27 -> 
  custom:video-decoder-webm-vp8: 9c59270c3fd7afecdb556c50c9e8de78 -> 
  custom:audio-decoder-ogg-vorbis: bf7c407c2cedff20999df2af8eb42d56 -> 
========================================================================
Received Import Request.
  Time since last request: 968595.989600 seconds.
  path: Assets/Nature_pixel_art_assets/Prefabs/Nature_props/Nature_props_28.prefab
  artifactKey: Guid(c60e10becc91cdc488b6f96b7aacf54a) Importer(815301076,1909f56bfc062723c751e8b465ee728b)
Start importing Assets/Nature_pixel_art_assets/Prefabs/Nature_props/Nature_props_28.prefab using Guid(c60e10becc91cdc488b6f96b7aacf54a) Importer(815301076,1909f56bfc062723c751e8b465ee728b)  -> (artifact id: '3fa3677c36a37ce3acc075118074b0a0') in 0.127145 seconds 
========================================================================
Received Import Request.
  Time since last request: 0.000025 seconds.
  path: Assets/Nature_pixel_art_assets/Prefabs
  artifactKey: Guid(25b462d4c7ecad445843e353e2d90427) Importer(815301076,1909f56bfc062723c751e8b465ee728b)
Start importing Assets/Nature_pixel_art_assets/Prefabs using Guid(25b462d4c7ecad445843e353e2d90427) Importer(815301076,1909f56bfc062723c751e8b465ee728b)  -> (artifact id: 'f7db7a7970cdab2f150120990fe9b27d') in 0.005591 seconds 
========================================================================
Received Import Request.
  Time since last request: 0.000026 seconds.
  path: Assets/Nature_pixel_art_assets/Prefabs/Nature_props/Nature_props_30.prefab
  artifactKey: Guid(abf0bc9c105690d4c87552b83f28a432) Importer(815301076,1909f56bfc062723c751e8b465ee728b)
Start importing Assets/Nature_pixel_art_assets/Prefabs/Nature_props/Nature_props_30.prefab using Guid(abf0bc9c105690d4c87552b83f28a432) Importer(815301076,1909f56bfc062723c751e8b465ee728b)  -> (artifact id: '6a970675d4caf6cfd0df48c45919de55') in 0.015263 seconds 
========================================================================
Received Import Request.
  Time since last request: 0.000021 seconds.
  path: Assets/Nature_pixel_art_assets/Prefabs/Nature_props/Nature_props_13.prefab
  artifactKey: Guid(527cab527cab11b46bec512eb84237e3) Importer(815301076,1909f56bfc062723c751e8b465ee728b)
Start importing Assets/Nature_pixel_art_assets/Prefabs/Nature_props/Nature_props_13.prefab using Guid(527cab527cab11b46bec512eb84237e3) Importer(815301076,1909f56bfc062723c751e8b465ee728b)  -> (artifact id: 'f33ef148a5c8a55be9de4f9509eb2a01') in 0.015798 seconds 
========================================================================
Received Import Request.
  Time since last request: 0.000021 seconds.
  path: Assets/Nature_pixel_art_assets/Prefabs/Nature_props/Nature_props_22.prefab
  artifactKey: Guid(79569ca2af2aefb4eb1d1819e98bf3e3) Importer(815301076,1909f56bfc062723c751e8b465ee728b)
Start importing Assets/Nature_pixel_art_assets/Prefabs/Nature_props/Nature_props_22.prefab using Guid(79569ca2af2aefb4eb1d1819e98bf3e3) Importer(815301076,1909f56bfc062723c751e8b465ee728b)  -> (artifact id: '97089bc4f71b9140a650b72dc7667184') in 0.012935 seconds 
========================================================================
Received Import Request.
  Time since last request: 0.000027 seconds.
  path: Assets/Nature_pixel_art_assets/Prefabs/Nature_props
  artifactKey: Guid(fc7f587436423e34f83f459645ec809b) Importer(815301076,1909f56bfc062723c751e8b465ee728b)
Start importing Assets/Nature_pixel_art_assets/Prefabs/Nature_props using Guid(fc7f587436423e34f83f459645ec809b) Importer(815301076,1909f56bfc062723c751e8b465ee728b)  -> (artifact id: 'ec0af1d08b4a222e1c709dfe14ea87e5') in 0.006481 seconds 
========================================================================
Received Import Request.
  Time since last request: 0.000026 seconds.
  path: Assets/Nature_pixel_art_assets/Prefabs/Nature_props/Nature_props_35.prefab
  artifactKey: Guid(caf668abd5a39ed40b31a5bf64d019ed) Importer(815301076,1909f56bfc062723c751e8b465ee728b)
Start importing Assets/Nature_pixel_art_assets/Prefabs/Nature_props/Nature_props_35.prefab using Guid(caf668abd5a39ed40b31a5bf64d019ed) Importer(815301076,1909f56bfc062723c751e8b465ee728b)  -> (artifact id: 'ca6a8623d2bbbd6b47ac429e0a5d8606') in 0.012867 seconds 
========================================================================
Received Import Request.
  Time since last request: 0.000028 seconds.
  path: Assets/Nature_pixel_art_assets/Prefabs/Nature_props/Nature_props_32.prefab
  artifactKey: Guid(982283eb324406648881132bc4ba92b1) Importer(815301076,1909f56bfc062723c751e8b465ee728b)
Start importing Assets/Nature_pixel_art_assets/Prefabs/Nature_props/Nature_props_32.prefab using Guid(982283eb324406648881132bc4ba92b1) Importer(815301076,1909f56bfc062723c751e8b465ee728b)  -> (artifact id: 'bd72cf0f872545f421652a22b14704b4') in 0.012985 seconds 
========================================================================
Received Import Request.
  Time since last request: 0.000019 seconds.
  path: Assets/Nature_pixel_art_assets/Prefabs/Nature_props/Nature_props_17.prefab
  artifactKey: Guid(20b4923008369ef4883c3ccd4a040d1e) Importer(815301076,1909f56bfc062723c751e8b465ee728b)
Start importing Assets/Nature_pixel_art_assets/Prefabs/Nature_props/Nature_props_17.prefab using Guid(20b4923008369ef4883c3ccd4a040d1e) Importer(815301076,1909f56bfc062723c751e8b465ee728b)  -> (artifact id: 'ff7abde78dbae59189acef8e8c6d7010') in 0.015327 seconds 
========================================================================
Received Import Request.
  Time since last request: 0.000021 seconds.
  path: Assets/Nature_pixel_art_assets/Prefabs/Nature_props/Nature_props_02.prefab
  artifactKey: Guid(c1e4a038e33e0834f86741f54c51310b) Importer(815301076,1909f56bfc062723c751e8b465ee728b)
Start importing Assets/Nature_pixel_art_assets/Prefabs/Nature_props/Nature_props_02.prefab using Guid(c1e4a038e33e0834f86741f54c51310b) Importer(815301076,1909f56bfc062723c751e8b465ee728b)  -> (artifact id: '4db4d97d06b7248675a7a15eaa47635d') in 0.013040 seconds 
========================================================================
Received Import Request.
  Time since last request: 0.000023 seconds.
  path: Assets/Nature_pixel_art_assets/Prefabs/Nature_props/Nature_props_39.prefab
  artifactKey: Guid(ff2321c1e30309840845d6def31b27d4) Importer(815301076,1909f56bfc062723c751e8b465ee728b)
Start importing Assets/Nature_pixel_art_assets/Prefabs/Nature_props/Nature_props_39.prefab using Guid(ff2321c1e30309840845d6def31b27d4) Importer(815301076,1909f56bfc062723c751e8b465ee728b)  -> (artifact id: '973b1d58c088728d8f9fed0f2bbce2f3') in 0.013609 seconds 
========================================================================
Received Import Request.
  Time since last request: 0.000020 seconds.
  path: Assets/Nature_pixel_art_assets/Prefabs/Nature_props/Nature_props_26.prefab
  artifactKey: Guid(efbde38838d036d49ab3d0ab4d323eae) Importer(815301076,1909f56bfc062723c751e8b465ee728b)
Start importing Assets/Nature_pixel_art_assets/Prefabs/Nature_props/Nature_props_26.prefab using Guid(efbde38838d036d49ab3d0ab4d323eae) Importer(815301076,1909f56bfc062723c751e8b465ee728b)  -> (artifact id: 'f56dd976b2a240da3d91b35e2cae66eb') in 0.013449 seconds 
========================================================================
Received Import Request.
  Time since last request: 0.000024 seconds.
  path: Assets/Nature_pixel_art_assets/Prefabs/Nature_props/Nature_props_34.prefab
  artifactKey: Guid(6b13e8b5789585846a705035c6ad62cd) Importer(815301076,1909f56bfc062723c751e8b465ee728b)
Start importing Assets/Nature_pixel_art_assets/Prefabs/Nature_props/Nature_props_34.prefab using Guid(6b13e8b5789585846a705035c6ad62cd) Importer(815301076,1909f56bfc062723c751e8b465ee728b)  -> (artifact id: '9f0b101b7ece5d886dbb3df8f19a7b8c') in 0.015272 seconds 
========================================================================
Received Import Request.
  Time since last request: 0.000028 seconds.
  path: Assets/Nature_pixel_art_assets/Prefabs/Nature_props/Nature_props_14.prefab
  artifactKey: Guid(627b123d76dd42541b762a87c3ba8460) Importer(815301076,1909f56bfc062723c751e8b465ee728b)
Start importing Assets/Nature_pixel_art_assets/Prefabs/Nature_props/Nature_props_14.prefab using Guid(627b123d76dd42541b762a87c3ba8460) Importer(815301076,1909f56bfc062723c751e8b465ee728b)  -> (artifact id: 'bf73360b615d7220cab9b771ea17c77c') in 0.015528 seconds 
========================================================================
Received Import Request.
  Time since last request: 0.000025 seconds.
  path: Assets/Nature_pixel_art_assets/Prefabs/Nature_props/Nature_props_37.prefab
  artifactKey: Guid(ef7bc88c916e69648b8fd874020a9ea7) Importer(815301076,1909f56bfc062723c751e8b465ee728b)
Start importing Assets/Nature_pixel_art_assets/Prefabs/Nature_props/Nature_props_37.prefab using Guid(ef7bc88c916e69648b8fd874020a9ea7) Importer(815301076,1909f56bfc062723c751e8b465ee728b)  -> (artifact id: 'ea6b33f052e9c3ace462c504513daf35') in 0.013320 seconds 
========================================================================
Received Import Request.
  Time since last request: 0.000023 seconds.
  path: Assets/Nature_pixel_art_assets/Prefabs/Nature_props/Nature_props_27.prefab
  artifactKey: Guid(1753d53c838270d479ba970c43ad019b) Importer(815301076,1909f56bfc062723c751e8b465ee728b)
Start importing Assets/Nature_pixel_art_assets/Prefabs/Nature_props/Nature_props_27.prefab using Guid(1753d53c838270d479ba970c43ad019b) Importer(815301076,1909f56bfc062723c751e8b465ee728b)  -> (artifact id: 'd22b5b81c710e0bff0b288a18bbc926d') in 0.012857 seconds 
========================================================================
Received Import Request.
  Time since last request: 0.000021 seconds.
  path: Assets/Nature_pixel_art_assets/Prefabs/Nature_props/Nature_props_16.prefab
  artifactKey: Guid(05a512aa4c73d604892921f1d2a511e2) Importer(815301076,1909f56bfc062723c751e8b465ee728b)
Start importing Assets/Nature_pixel_art_assets/Prefabs/Nature_props/Nature_props_16.prefab using Guid(05a512aa4c73d604892921f1d2a511e2) Importer(815301076,1909f56bfc062723c751e8b465ee728b)  -> (artifact id: '6976f25431a1a93472979a81cfbfb073') in 0.011997 seconds 
========================================================================
Received Import Request.
  Time since last request: 0.000016 seconds.
  path: Assets/Nature_pixel_art_assets/Prefabs/Nature_props/Nature_props_40.prefab
  artifactKey: Guid(9605169b51151584eb216eb7cbbe78ec) Importer(815301076,1909f56bfc062723c751e8b465ee728b)
Start importing Assets/Nature_pixel_art_assets/Prefabs/Nature_props/Nature_props_40.prefab using Guid(9605169b51151584eb216eb7cbbe78ec) Importer(815301076,1909f56bfc062723c751e8b465ee728b)  -> (artifact id: '874c5bafb39116a855c54c63da006fc0') in 0.013755 seconds 
========================================================================
Received Import Request.
  Time since last request: 0.000020 seconds.
  path: Assets/Nature_pixel_art_assets/Prefabs/Nature_props/Nature_props_38.prefab
  artifactKey: Guid(c91193e0f75c73949bf7928ddd6cd517) Importer(815301076,1909f56bfc062723c751e8b465ee728b)
Start importing Assets/Nature_pixel_art_assets/Prefabs/Nature_props/Nature_props_38.prefab using Guid(c91193e0f75c73949bf7928ddd6cd517) Importer(815301076,1909f56bfc062723c751e8b465ee728b)  -> (artifact id: '930082419e2e687f6c8db68beddf568a') in 0.013418 seconds 
========================================================================
Received Import Request.
  Time since last request: 0.000032 seconds.
  path: Assets/Nature_pixel_art_assets/Prefabs/Nature_props/Nature_props_31.prefab
  artifactKey: Guid(f802a960462afea4bbce60e223b448f3) Importer(815301076,1909f56bfc062723c751e8b465ee728b)
Start importing Assets/Nature_pixel_art_assets/Prefabs/Nature_props/Nature_props_31.prefab using Guid(f802a960462afea4bbce60e223b448f3) Importer(815301076,1909f56bfc062723c751e8b465ee728b)  -> (artifact id: '1ede55448d6e4fdbf97f329c9ea3cde9') in 0.013600 seconds 
========================================================================
Received Import Request.
  Time since last request: 0.000019 seconds.
  path: Assets/Nature_pixel_art_assets/Prefabs/Nature_props/Nature_props_29.prefab
  artifactKey: Guid(11a6e0e2923a1cd4d98fca27f87aea01) Importer(815301076,1909f56bfc062723c751e8b465ee728b)
Start importing Assets/Nature_pixel_art_assets/Prefabs/Nature_props/Nature_props_29.prefab using Guid(11a6e0e2923a1cd4d98fca27f87aea01) Importer(815301076,1909f56bfc062723c751e8b465ee728b)  -> (artifact id: '91b712672e22bb9cfbcf7657e53a45d1') in 0.011726 seconds 
========================================================================
Received Import Request.
  Time since last request: 0.000023 seconds.
  path: Assets/Nature_pixel_art_assets/Prefabs/Nature_props/Nature_props_09.prefab
  artifactKey: Guid(f3efe889a0e3f30479c4ec00226829f9) Importer(815301076,1909f56bfc062723c751e8b465ee728b)
Start importing Assets/Nature_pixel_art_assets/Prefabs/Nature_props/Nature_props_09.prefab using Guid(f3efe889a0e3f30479c4ec00226829f9) Importer(815301076,1909f56bfc062723c751e8b465ee728b)  -> (artifact id: 'eca994cd39de40fcabff3e806bec88f1') in 0.013189 seconds 
========================================================================
Received Import Request.
  Time since last request: 0.000035 seconds.
  path: Assets/Nature_pixel_art_assets/Prefabs/Nature_props/Nature_props_12.prefab
  artifactKey: Guid(57dc346d5f7d5fd40b8dbb439a6b62ab) Importer(815301076,1909f56bfc062723c751e8b465ee728b)
Start importing Assets/Nature_pixel_art_assets/Prefabs/Nature_props/Nature_props_12.prefab using Guid(57dc346d5f7d5fd40b8dbb439a6b62ab) Importer(815301076,1909f56bfc062723c751e8b465ee728b)  -> (artifact id: '8b64ddaa01faf9bb5266d68e3c6fc9fa') in 0.013437 seconds 
========================================================================
Received Import Request.
  Time since last request: 0.000019 seconds.
  path: Assets/Nature_pixel_art_assets/Prefabs/Nature_props/Nature_props_19.prefab
  artifactKey: Guid(f72335d0f97cbdd4abec38471223522a) Importer(815301076,1909f56bfc062723c751e8b465ee728b)
Start importing Assets/Nature_pixel_art_assets/Prefabs/Nature_props/Nature_props_19.prefab using Guid(f72335d0f97cbdd4abec38471223522a) Importer(815301076,1909f56bfc062723c751e8b465ee728b)  -> (artifact id: '4c3fa82a1853271dcf62dcd28bfcaf36') in 0.015187 seconds 
========================================================================
Received Import Request.
  Time since last request: 0.000018 seconds.
  path: Assets/Nature_pixel_art_assets/Prefabs/Nature_props/Nature_props_07.prefab
  artifactKey: Guid(758b8713682e85f4180f6192cd0210fe) Importer(815301076,1909f56bfc062723c751e8b465ee728b)
Start importing Assets/Nature_pixel_art_assets/Prefabs/Nature_props/Nature_props_07.prefab using Guid(758b8713682e85f4180f6192cd0210fe) Importer(815301076,1909f56bfc062723c751e8b465ee728b)  -> (artifact id: 'fa03cb13f9c23faddf278e9b91c25f03') in 0.011617 seconds 
========================================================================
Received Import Request.
  Time since last request: 0.000015 seconds.
  path: Assets/Nature_pixel_art_assets/Prefabs/Nature_props/Nature_props_11.prefab
  artifactKey: Guid(6524230b94a7af4409d8c13b6474b3d1) Importer(815301076,1909f56bfc062723c751e8b465ee728b)
Start importing Assets/Nature_pixel_art_assets/Prefabs/Nature_props/Nature_props_11.prefab using Guid(6524230b94a7af4409d8c13b6474b3d1) Importer(815301076,1909f56bfc062723c751e8b465ee728b)  -> (artifact id: '5820c1597d1da90bd954bd18615a6e0a') in 0.010640 seconds 
========================================================================
Received Import Request.
  Time since last request: 0.000017 seconds.
  path: Assets/Nature_pixel_art_assets/Prefabs/Nature_props/Nature_props_10.prefab
  artifactKey: Guid(10753226447896e44b12ebb13c411542) Importer(815301076,1909f56bfc062723c751e8b465ee728b)
Start importing Assets/Nature_pixel_art_assets/Prefabs/Nature_props/Nature_props_10.prefab using Guid(10753226447896e44b12ebb13c411542) Importer(815301076,1909f56bfc062723c751e8b465ee728b)  -> (artifact id: '25f330f0b078ab02afb9b6728abaf4eb') in 0.012057 seconds 
========================================================================
Received Import Request.
  Time since last request: 0.000017 seconds.
  path: Assets/Nature_pixel_art_assets/Prefabs/Nature_props/Nature_props_15.prefab
  artifactKey: Guid(486f42fcb063b4b4fa79b395c40825eb) Importer(815301076,1909f56bfc062723c751e8b465ee728b)
Start importing Assets/Nature_pixel_art_assets/Prefabs/Nature_props/Nature_props_15.prefab using Guid(486f42fcb063b4b4fa79b395c40825eb) Importer(815301076,1909f56bfc062723c751e8b465ee728b)  -> (artifact id: '58bf0c9d95371ff4aff05783f937bcac') in 0.014007 seconds 
