Using pre-set license
Built from 'trunk' branch; Version is '2022.1.0a15 (49120632d05b) revision 4788742'; Using compiler version '192829333'; Build Type 'Release'
OS: 'Windows 10  (10.0.19043) 64bit Professional' Language: 'en' Physical Memory: 16316 MB
BatchMode: 1, IsHumanControllingUs: 0, StartBugReporterOnCrash: 0, Is64bit: 1, IsPro: 0

COMMAND LINE ARGUMENTS:
C:\Program Files\Unity\Editor\2022.1.0a15\Editor\Unity.exe
-adb2
-batchMode
-noUpm
-name
AssetImportWorker0
-projectPath
C:/Users/PeteAlexLaws/Desktop/CISC_167/Test/New Unity Project
-logFile
Logs/AssetImportWorker0.log
-srvPort
60091
Successfully changed project path to: C:/Users/PeteAlexLaws/Desktop/CISC_167/Test/New Unity Project
C:/Users/PeteAlexLaws/Desktop/CISC_167/Test/New Unity Project
[UnityMemory] Configuration Parameters - Can be set up in boot.config
    "memorysetup-bucket-allocator-granularity=16"
    "memorysetup-bucket-allocator-bucket-count=8"
    "memorysetup-bucket-allocator-block-size=33554432"
    "memorysetup-bucket-allocator-block-count=8"
    "memorysetup-main-allocator-block-size=16777216"
    "memorysetup-thread-allocator-block-size=16777216"
    "memorysetup-gfx-main-allocator-block-size=16777216"
    "memorysetup-gfx-thread-allocator-block-size=16777216"
    "memorysetup-cache-allocator-block-size=4194304"
    "memorysetup-typetree-allocator-block-size=2097152"
    "memorysetup-profiler-bucket-allocator-granularity=16"
    "memorysetup-profiler-bucket-allocator-bucket-count=8"
    "memorysetup-profiler-bucket-allocator-block-size=33554432"
    "memorysetup-profiler-bucket-allocator-block-count=8"
    "memorysetup-profiler-allocator-block-size=16777216"
    "memorysetup-profiler-editor-allocator-block-size=1048576"
    "memorysetup-temp-allocator-size-main=16777216"
    "memorysetup-job-temp-allocator-block-size=2097152"
    "memorysetup-job-temp-allocator-block-size-background=1048576"
    "memorysetup-job-temp-allocator-reduction-small-platforms=262144"
    "memorysetup-temp-allocator-size-background-worker=32768"
    "memorysetup-temp-allocator-size-job-worker=262144"
    "memorysetup-temp-allocator-size-preload-manager=33554432"
    "memorysetup-temp-allocator-size-nav-mesh-worker=65536"
    "memorysetup-temp-allocator-size-audio-worker=65536"
    "memorysetup-temp-allocator-size-cloud-worker=32768"
    "memorysetup-temp-allocator-size-gi-baking-worker=262144"
    "memorysetup-temp-allocator-size-gfx=262144"
Refreshing native plugins compatible for Editor in 83.21 ms, found 4 plugins.
Preloading 0 native plugins for Editor in 0.00 ms.
Initialize engine version: 2022.1.0a15 (49120632d05b)
[Subsystems] Discovering subsystems at path C:/Program Files/Unity/Editor/2022.1.0a15/Editor/Data/Resources/UnitySubsystems
[Subsystems] Discovering subsystems at path C:/Users/PeteAlexLaws/Desktop/CISC_167/Test/New Unity Project/Assets
GfxDevice: creating device client; threaded=0; jobified=0
Direct3D:
    Version:  Direct3D 11.0 [level 11.1]
    Renderer: NVIDIA GeForce RTX 2080 Ti (ID=0x1e07)
    Vendor:   NVIDIA
    VRAM:     11048 MB
    Driver:   30.0.14.7247
Initialize mono
Mono path[0] = 'C:/Program Files/Unity/Editor/2022.1.0a15/Editor/Data/Managed'
Mono path[1] = 'C:/Program Files/Unity/Editor/2022.1.0a15/Editor/Data/MonoBleedingEdge/lib/mono/unityjit-win32'
Mono config path = 'C:/Program Files/Unity/Editor/2022.1.0a15/Editor/Data/MonoBleedingEdge/etc'
Using monoOptions --debugger-agent=transport=dt_socket,embedding=1,server=y,suspend=n,address=127.0.0.1:56656
Begin MonoManager ReloadAssembly
Registering precompiled unity dll's ...
Register platform support module: C:/Program Files/Unity/Editor/2022.1.0a15/Editor/Data/PlaybackEngines/WindowsStandaloneSupport/UnityEditor.WindowsStandalone.Extensions.dll
Registered in 0.006379 seconds.
Native extension for WindowsStandalone target not found
Refreshing native plugins compatible for Editor in 100.92 ms, found 4 plugins.
Preloading 0 native plugins for Editor in 0.00 ms.
Mono: successfully reloaded assembly
- Completed reload, in  0.663 seconds
Domain Reload Profiling:
	ReloadAssembly (663ms)
		BeginReloadAssembly (78ms)
			ExecutionOrderSort (0ms)
			DisableScriptedObjects (0ms)
			BackupInstance (0ms)
			ReleaseScriptingObjects (0ms)
			CreateAndSetChildDomain (1ms)
		EndReloadAssembly (512ms)
			LoadAssemblies (75ms)
			RebuildTransferFunctionScriptingTraits (0ms)
			SetupTypeCache (109ms)
				TypeCache.Initialize (108ms)
					TypeCache.ScanAssembly (106ms)
				ResolveRequiredComponents (1ms)
			ReleaseScriptCaches (0ms)
			RebuildScriptCaches (30ms)
			SetupLoadedEditorAssemblies (316ms)
				LogAssemblyErrors (0ms)
				InitializePlatformSupportModulesInManaged (16ms)
				SetLoadedEditorAssemblies (8ms)
				RefreshPlugins (101ms)
				BeforeProcessingInitializeOnLoad (1ms)
				ProcessInitializeOnLoadAttributes (139ms)
				ProcessInitializeOnLoadMethodAttributes (51ms)
				AfterProcessingInitializeOnLoad (0ms)
				EditorAssembliesLoaded (0ms)
			ExecutionOrderSort2 (0ms)
			AwakeInstancesAfterBackupRestoration (0ms)
Platform modules already initialized, skipping
Registering precompiled user dll's ...
Registered in 0.008471 seconds.
Begin MonoManager ReloadAssembly
Symbol file LoadedFromMemory doesn't match image C:\Users\PeteAlexLaws\Desktop\CISC_167\Test\New Unity Project\Library\PackageCache\com.unity.visualscripting@1.7.5\Editor\VisualScripting.Core\Dependencies\YamlDotNet\Unity.VisualScripting.YamlDotNet.dll
Symbol file LoadedFromMemory doesn't match image C:\Users\PeteAlexLaws\Desktop\CISC_167\Test\New Unity Project\Library\PackageCache\com.unity.visualscripting@1.7.5\Editor\VisualScripting.Core\Dependencies\DotNetZip\Unity.VisualScripting.IonicZip.dll
Native extension for WindowsStandalone target not found
Refreshing native plugins compatible for Editor in 75.36 ms, found 4 plugins.
Preloading 0 native plugins for Editor in 0.00 ms.
Mono: successfully reloaded assembly
- Completed reload, in  1.629 seconds
Domain Reload Profiling:
	ReloadAssembly (1630ms)
		BeginReloadAssembly (126ms)
			ExecutionOrderSort (0ms)
			DisableScriptedObjects (8ms)
			BackupInstance (0ms)
			ReleaseScriptingObjects (0ms)
			CreateAndSetChildDomain (26ms)
		EndReloadAssembly (1409ms)
			LoadAssemblies (75ms)
			RebuildTransferFunctionScriptingTraits (0ms)
			SetupTypeCache (238ms)
				TypeCache.Initialize (233ms)
					TypeCache.ScanAssembly (230ms)
				ResolveRequiredComponents (4ms)
			ReleaseScriptCaches (1ms)
			RebuildScriptCaches (53ms)
			SetupLoadedEditorAssemblies (995ms)
				LogAssemblyErrors (0ms)
				InitializePlatformSupportModulesInManaged (10ms)
				SetLoadedEditorAssemblies (7ms)
				RefreshPlugins (75ms)
				BeforeProcessingInitializeOnLoad (96ms)
				ProcessInitializeOnLoadAttributes (763ms)
				ProcessInitializeOnLoadMethodAttributes (36ms)
				AfterProcessingInitializeOnLoad (7ms)
				EditorAssembliesLoaded (0ms)
			ExecutionOrderSort2 (0ms)
			AwakeInstancesAfterBackupRestoration (6ms)
Platform modules already initialized, skipping
========================================================================
Worker process is ready to serve import requests
Launched and connected shader compiler UnityShaderCompiler.exe after 0.08 seconds
Refreshing native plugins compatible for Editor in 1.08 ms, found 4 plugins.
Preloading 0 native plugins for Editor in 0.00 ms.
Unloading 3921 Unused Serialized files (Serialized files now loaded: 0)
Unloading 44 unused Assets / (235.4 KB). Loaded Objects now: 4371.
Memory consumption went from 160.8 MB to 160.5 MB.
Total: 3.895600 ms (FindLiveObjects: 0.416400 ms CreateObjectMapping: 0.384600 ms MarkObjects: 2.854600 ms  DeleteObjects: 0.238600 ms)

AssetImportParameters requested are different than current active one (requested -> active):
  custom:video-decoder-ogg-theora: a1e56fd34408186e4bbccfd4996cb3dc -> 
  custom:container-muxer-webm: aa71ff27fc2769a1b78a27578f13a17b -> 
  custom:container-demuxer-webm: 4f35f7cbe854078d1ac9338744f61a02 -> 
  custom:video-encoder-webm-vp8: eb34c28f22e8b96e1ab97ce403110664 -> 
  custom:audio-encoder-webm-vorbis: bf7c407c2cedff20999df2af8eb42d56 -> 
  custom:framework-win-MediaFoundation: 216162199b28c13a410421893ffa2e32 -> 
  custom:container-demuxer-ogg: 62fdf1f143b41e24485cea50d1cbac27 -> 
  custom:video-decoder-webm-vp8: 9c59270c3fd7afecdb556c50c9e8de78 -> 
  custom:audio-decoder-ogg-vorbis: bf7c407c2cedff20999df2af8eb42d56 -> 
========================================================================
Received Import Request.
  Time since last request: 968595.999600 seconds.
  path: Assets/Nature_pixel_art_assets/Prefabs/Nature_props/Nature_props_05.prefab
  artifactKey: Guid(77c0e2e550619d74592a6882db6d033d) Importer(815301076,1909f56bfc062723c751e8b465ee728b)
Start importing Assets/Nature_pixel_art_assets/Prefabs/Nature_props/Nature_props_05.prefab using Guid(77c0e2e550619d74592a6882db6d033d) Importer(815301076,1909f56bfc062723c751e8b465ee728b)  -> (artifact id: '7be5426b71d9ce1ad4a52a1f48ab4d6a') in 0.145470 seconds 
========================================================================
Received Import Request.
  Time since last request: 0.000025 seconds.
  path: Assets/Nature_pixel_art_assets/Prefabs/Nature_props/Nature_props_08.prefab
  artifactKey: Guid(be973aab1705b594aa401a7d08cb2198) Importer(815301076,1909f56bfc062723c751e8b465ee728b)
Start importing Assets/Nature_pixel_art_assets/Prefabs/Nature_props/Nature_props_08.prefab using Guid(be973aab1705b594aa401a7d08cb2198) Importer(815301076,1909f56bfc062723c751e8b465ee728b)  -> (artifact id: 'b7b3eeae4522e85678b4139d3d909733') in 0.014282 seconds 
========================================================================
Received Import Request.
  Time since last request: 0.000024 seconds.
  path: Assets/Nature_pixel_art_assets/textures/Nature_props_01.png
  artifactKey: Guid(4b00c4fcb1be91245b2dab5149c61c5d) Importer(815301076,1909f56bfc062723c751e8b465ee728b)
Start importing Assets/Nature_pixel_art_assets/textures/Nature_props_01.png using Guid(4b00c4fcb1be91245b2dab5149c61c5d) Importer(815301076,1909f56bfc062723c751e8b465ee728b)  -> (artifact id: '247988f70e8263adce180af2aa62a5da') in 0.227455 seconds 
========================================================================
Received Import Request.
  Time since last request: 0.000024 seconds.
  path: Assets/Nature_pixel_art_assets/Prefabs/Nature_props/Nature_props_21.prefab
  artifactKey: Guid(4dc93bd254f2c41479bfed68801a7bad) Importer(815301076,1909f56bfc062723c751e8b465ee728b)
Start importing Assets/Nature_pixel_art_assets/Prefabs/Nature_props/Nature_props_21.prefab using Guid(4dc93bd254f2c41479bfed68801a7bad) Importer(815301076,1909f56bfc062723c751e8b465ee728b)  -> (artifact id: '52cc126806410ae913de9d96d0b14bd9') in 0.013048 seconds 
========================================================================
Received Import Request.
  Time since last request: 0.000037 seconds.
  path: Assets/Nature_pixel_art_assets/Prefabs/Nature_props/Nature_props_36.prefab
  artifactKey: Guid(63c74e18159d5cf4a8bce25adca0f18b) Importer(815301076,1909f56bfc062723c751e8b465ee728b)
Start importing Assets/Nature_pixel_art_assets/Prefabs/Nature_props/Nature_props_36.prefab using Guid(63c74e18159d5cf4a8bce25adca0f18b) Importer(815301076,1909f56bfc062723c751e8b465ee728b)  -> (artifact id: '868f0b313a0eb3c9497ff86703699baa') in 0.012595 seconds 
========================================================================
Received Import Request.
  Time since last request: 0.000024 seconds.
  path: Assets/Nature_pixel_art_assets/Prefabs/Nature_props/Nature_props_24.prefab
  artifactKey: Guid(a9d33771d2468d1449907d266d3b6d46) Importer(815301076,1909f56bfc062723c751e8b465ee728b)
Start importing Assets/Nature_pixel_art_assets/Prefabs/Nature_props/Nature_props_24.prefab using Guid(a9d33771d2468d1449907d266d3b6d46) Importer(815301076,1909f56bfc062723c751e8b465ee728b)  -> (artifact id: 'a5ac7b30bf2f3ad7d4e3c42f3f75108e') in 0.013862 seconds 
========================================================================
Received Import Request.
  Time since last request: 0.000020 seconds.
  path: Assets/Nature_pixel_art_assets/Prefabs/Nature_props/Nature_props_04.prefab
  artifactKey: Guid(b03b2a5438f49b04db8ec8b2dcc8316c) Importer(815301076,1909f56bfc062723c751e8b465ee728b)
Start importing Assets/Nature_pixel_art_assets/Prefabs/Nature_props/Nature_props_04.prefab using Guid(b03b2a5438f49b04db8ec8b2dcc8316c) Importer(815301076,1909f56bfc062723c751e8b465ee728b)  -> (artifact id: 'cd725fe16c70c9ad6c400bb30567ae22') in 0.012476 seconds 
========================================================================
Received Import Request.
  Time since last request: 0.000020 seconds.
  path: Assets/Nature_pixel_art_assets/Prefabs/Nature_props/Nature_props_25.prefab
  artifactKey: Guid(d26f07b6b8619784cacddf6eb54abb9a) Importer(815301076,1909f56bfc062723c751e8b465ee728b)
Start importing Assets/Nature_pixel_art_assets/Prefabs/Nature_props/Nature_props_25.prefab using Guid(d26f07b6b8619784cacddf6eb54abb9a) Importer(815301076,1909f56bfc062723c751e8b465ee728b)  -> (artifact id: '9045f90431357ddee3a08bf8c3d30d34') in 0.013088 seconds 
========================================================================
Received Import Request.
  Time since last request: 0.000023 seconds.
  path: Assets/Nature_pixel_art_assets/Prefabs/Nature_props/Nature_props_01.prefab
  artifactKey: Guid(e45c9aed6bafa964782c6325956f228f) Importer(815301076,1909f56bfc062723c751e8b465ee728b)
Start importing Assets/Nature_pixel_art_assets/Prefabs/Nature_props/Nature_props_01.prefab using Guid(e45c9aed6bafa964782c6325956f228f) Importer(815301076,1909f56bfc062723c751e8b465ee728b)  -> (artifact id: 'eb6aadab126b8f966b4c2b54544ade61') in 0.012814 seconds 
========================================================================
Received Import Request.
  Time since last request: 0.000020 seconds.
  path: Assets/Nature_pixel_art_assets/Prefabs/Nature_props/Nature_props_33.prefab
  artifactKey: Guid(ddb716f4f4916bd49acf599e99be7b37) Importer(815301076,1909f56bfc062723c751e8b465ee728b)
Start importing Assets/Nature_pixel_art_assets/Prefabs/Nature_props/Nature_props_33.prefab using Guid(ddb716f4f4916bd49acf599e99be7b37) Importer(815301076,1909f56bfc062723c751e8b465ee728b)  -> (artifact id: '43aae7c8662b2188120ea6f659b7c064') in 0.013055 seconds 
========================================================================
Received Import Request.
  Time since last request: 0.000023 seconds.
  path: Assets/Nature_pixel_art_assets/Prefabs/Nature_props/Nature_props_18.prefab
  artifactKey: Guid(efbbc1a7890bb6044a8fa67db33f6ade) Importer(815301076,1909f56bfc062723c751e8b465ee728b)
Start importing Assets/Nature_pixel_art_assets/Prefabs/Nature_props/Nature_props_18.prefab using Guid(efbbc1a7890bb6044a8fa67db33f6ade) Importer(815301076,1909f56bfc062723c751e8b465ee728b)  -> (artifact id: 'b314253a367b161369e8b55ac9a572c8') in 0.015636 seconds 
========================================================================
Received Import Request.
  Time since last request: 0.000034 seconds.
  path: Assets/Nature_pixel_art_assets/Prefabs/Nature_props/Nature_props_23.prefab
  artifactKey: Guid(b44a0eea649a1c045bcf8888f8f81050) Importer(815301076,1909f56bfc062723c751e8b465ee728b)
Start importing Assets/Nature_pixel_art_assets/Prefabs/Nature_props/Nature_props_23.prefab using Guid(b44a0eea649a1c045bcf8888f8f81050) Importer(815301076,1909f56bfc062723c751e8b465ee728b)  -> (artifact id: 'af468f716f96e108baaa677a31243843') in 0.011950 seconds 
========================================================================
Received Import Request.
  Time since last request: 0.000017 seconds.
  path: Assets/Nature_pixel_art_assets/Prefabs/Nature_props/Nature_props_20.prefab
  artifactKey: Guid(36eefd045905ea840940e9553e42ce8c) Importer(815301076,1909f56bfc062723c751e8b465ee728b)
Start importing Assets/Nature_pixel_art_assets/Prefabs/Nature_props/Nature_props_20.prefab using Guid(36eefd045905ea840940e9553e42ce8c) Importer(815301076,1909f56bfc062723c751e8b465ee728b)  -> (artifact id: '6ec4e88746847273b2f97a8f6d9e9af1') in 0.011430 seconds 
========================================================================
Received Import Request.
  Time since last request: 0.000017 seconds.
  path: Assets/Nature_pixel_art_assets/Prefabs/Nature_props/Nature_props_03.prefab
  artifactKey: Guid(45570b5f63ba4b64590574d72f44d18b) Importer(815301076,1909f56bfc062723c751e8b465ee728b)
Start importing Assets/Nature_pixel_art_assets/Prefabs/Nature_props/Nature_props_03.prefab using Guid(45570b5f63ba4b64590574d72f44d18b) Importer(815301076,1909f56bfc062723c751e8b465ee728b)  -> (artifact id: '861ce499376c8d7f982caa8e4212b301') in 0.012912 seconds 
========================================================================
Received Import Request.
  Time since last request: 0.000017 seconds.
  path: Assets/Nature_pixel_art_assets/Prefabs/Nature_props/Nature_props_06.prefab
  artifactKey: Guid(ecba8dbba1cf5cf499ff7c730d1a58b9) Importer(815301076,1909f56bfc062723c751e8b465ee728b)
Start importing Assets/Nature_pixel_art_assets/Prefabs/Nature_props/Nature_props_06.prefab using Guid(ecba8dbba1cf5cf499ff7c730d1a58b9) Importer(815301076,1909f56bfc062723c751e8b465ee728b)  -> (artifact id: '72cce1bd393d62de2bbafc57bf5703b6') in 0.014410 seconds 
========================================================================
Received Import Request.
  Time since last request: 10.618646 seconds.
  path: Assets/Scenes/SampleScene.unity
  artifactKey: Guid(2cda990e2423bbf4892e6590ba056729) Importer(815301076,1909f56bfc062723c751e8b465ee728b)
Start importing Assets/Scenes/SampleScene.unity using Guid(2cda990e2423bbf4892e6590ba056729) Importer(815301076,1909f56bfc062723c751e8b465ee728b)  -> (artifact id: 'd086a12b7156e642c776f1a192813156') in 0.007249 seconds 
========================================================================
Received Import Request.
  Time since last request: 3.014471 seconds.
  path: Assets/Scenes
  artifactKey: Guid(131a6b21c8605f84396be9f6751fb6e3) Importer(815301076,1909f56bfc062723c751e8b465ee728b)
Start importing Assets/Scenes using Guid(131a6b21c8605f84396be9f6751fb6e3) Importer(815301076,1909f56bfc062723c751e8b465ee728b)  -> (artifact id: '4935f35005d3ccd51bf39964504ff1b7') in 0.007788 seconds 
========================================================================
Received Import Request.
  Time since last request: 1.441436 seconds.
  path: Assets/Scenes/Nature_assets.unity
  artifactKey: Guid(d38f3b6ddd7390f44b717e1122bb426a) Importer(815301076,1909f56bfc062723c751e8b465ee728b)
Start importing Assets/Scenes/Nature_assets.unity using Guid(d38f3b6ddd7390f44b717e1122bb426a) Importer(815301076,1909f56bfc062723c751e8b465ee728b)  -> (artifact id: 'ff19c3b1a52bd1331115fcd7026ceb2e') in 0.005275 seconds 
