Using pre-set license
Built from 'trunk' branch; Version is '2022.1.0a15 (49120632d05b) revision 4788742'; Using compiler version '192829333'; Build Type 'Release'
OS: 'Windows 10  (10.0.19043) 64bit Professional' Language: 'en' Physical Memory: 16316 MB
BatchMode: 1, IsHumanControllingUs: 0, StartBugReporterOnCrash: 0, Is64bit: 1, IsPro: 0

COMMAND LINE ARGUMENTS:
C:\Program Files\Unity\Editor\2022.1.0a15\Editor\Unity.exe
-adb2
-batchMode
-noUpm
-name
AssetImportWorker0
-projectPath
C:/Users/PeteAlexLaws/Desktop/CISC_167/The_Steampunk_Strain
-logFile
Logs/AssetImportWorker0.log
-srvPort
61978
Successfully changed project path to: C:/Users/PeteAlexLaws/Desktop/CISC_167/The_Steampunk_Strain
C:/Users/PeteAlexLaws/Desktop/CISC_167/The_Steampunk_Strain
[UnityMemory] Configuration Parameters - Can be set up in boot.config
    "memorysetup-bucket-allocator-granularity=16"
    "memorysetup-bucket-allocator-bucket-count=8"
    "memorysetup-bucket-allocator-block-size=33554432"
    "memorysetup-bucket-allocator-block-count=8"
    "memorysetup-main-allocator-block-size=16777216"
    "memorysetup-thread-allocator-block-size=16777216"
    "memorysetup-gfx-main-allocator-block-size=16777216"
    "memorysetup-gfx-thread-allocator-block-size=16777216"
    "memorysetup-cache-allocator-block-size=4194304"
    "memorysetup-typetree-allocator-block-size=2097152"
    "memorysetup-profiler-bucket-allocator-granularity=16"
    "memorysetup-profiler-bucket-allocator-bucket-count=8"
    "memorysetup-profiler-bucket-allocator-block-size=33554432"
    "memorysetup-profiler-bucket-allocator-block-count=8"
    "memorysetup-profiler-allocator-block-size=16777216"
    "memorysetup-profiler-editor-allocator-block-size=1048576"
    "memorysetup-temp-allocator-size-main=16777216"
    "memorysetup-job-temp-allocator-block-size=2097152"
    "memorysetup-job-temp-allocator-block-size-background=1048576"
    "memorysetup-job-temp-allocator-reduction-small-platforms=262144"
    "memorysetup-temp-allocator-size-background-worker=32768"
    "memorysetup-temp-allocator-size-job-worker=262144"
    "memorysetup-temp-allocator-size-preload-manager=33554432"
    "memorysetup-temp-allocator-size-nav-mesh-worker=65536"
    "memorysetup-temp-allocator-size-audio-worker=65536"
    "memorysetup-temp-allocator-size-cloud-worker=32768"
    "memorysetup-temp-allocator-size-gi-baking-worker=262144"
    "memorysetup-temp-allocator-size-gfx=262144"
Refreshing native plugins compatible for Editor in 78.65 ms, found 4 plugins.
Preloading 0 native plugins for Editor in 0.00 ms.
Initialize engine version: 2022.1.0a15 (49120632d05b)
[Subsystems] Discovering subsystems at path C:/Program Files/Unity/Editor/2022.1.0a15/Editor/Data/Resources/UnitySubsystems
[Subsystems] Discovering subsystems at path C:/Users/PeteAlexLaws/Desktop/CISC_167/The_Steampunk_Strain/Assets
GfxDevice: creating device client; threaded=0; jobified=0
Direct3D:
    Version:  Direct3D 11.0 [level 11.1]
    Renderer: NVIDIA GeForce RTX 2080 Ti (ID=0x1e07)
    Vendor:   NVIDIA
    VRAM:     11048 MB
    Driver:   30.0.14.7247
Initialize mono
Mono path[0] = 'C:/Program Files/Unity/Editor/2022.1.0a15/Editor/Data/Managed'
Mono path[1] = 'C:/Program Files/Unity/Editor/2022.1.0a15/Editor/Data/MonoBleedingEdge/lib/mono/unityjit-win32'
Mono config path = 'C:/Program Files/Unity/Editor/2022.1.0a15/Editor/Data/MonoBleedingEdge/etc'
Using monoOptions --debugger-agent=transport=dt_socket,embedding=1,server=y,suspend=n,address=127.0.0.1:56104
Begin MonoManager ReloadAssembly
Registering precompiled unity dll's ...
Register platform support module: C:/Program Files/Unity/Editor/2022.1.0a15/Editor/Data/PlaybackEngines/WindowsStandaloneSupport/UnityEditor.WindowsStandalone.Extensions.dll
Registered in 0.005665 seconds.
Native extension for WindowsStandalone target not found
Refreshing native plugins compatible for Editor in 91.30 ms, found 4 plugins.
Preloading 0 native plugins for Editor in 0.00 ms.
Mono: successfully reloaded assembly
- Completed reload, in  0.635 seconds
Domain Reload Profiling:
	ReloadAssembly (635ms)
		BeginReloadAssembly (69ms)
			ExecutionOrderSort (0ms)
			DisableScriptedObjects (0ms)
			BackupInstance (0ms)
			ReleaseScriptingObjects (0ms)
			CreateAndSetChildDomain (1ms)
		EndReloadAssembly (493ms)
			LoadAssemblies (68ms)
			RebuildTransferFunctionScriptingTraits (0ms)
			SetupTypeCache (133ms)
				TypeCache.Initialize (132ms)
					TypeCache.ScanAssembly (131ms)
				ResolveRequiredComponents (0ms)
			ReleaseScriptCaches (0ms)
			RebuildScriptCaches (29ms)
			SetupLoadedEditorAssemblies (283ms)
				LogAssemblyErrors (0ms)
				InitializePlatformSupportModulesInManaged (14ms)
				SetLoadedEditorAssemblies (7ms)
				RefreshPlugins (91ms)
				BeforeProcessingInitializeOnLoad (2ms)
				ProcessInitializeOnLoadAttributes (128ms)
				ProcessInitializeOnLoadMethodAttributes (40ms)
				AfterProcessingInitializeOnLoad (0ms)
				EditorAssembliesLoaded (0ms)
			ExecutionOrderSort2 (0ms)
			AwakeInstancesAfterBackupRestoration (0ms)
Platform modules already initialized, skipping
Registering precompiled user dll's ...
Registered in 0.007843 seconds.
Begin MonoManager ReloadAssembly
Symbol file LoadedFromMemory doesn't match image C:\Users\PeteAlexLaws\Desktop\CISC_167\The_Steampunk_Strain\Library\PackageCache\com.unity.visualscripting@1.7.5\Editor\VisualScripting.Core\Dependencies\YamlDotNet\Unity.VisualScripting.YamlDotNet.dll
Symbol file LoadedFromMemory doesn't match image C:\Users\PeteAlexLaws\Desktop\CISC_167\The_Steampunk_Strain\Library\PackageCache\com.unity.visualscripting@1.7.5\Editor\VisualScripting.Core\Dependencies\DotNetZip\Unity.VisualScripting.IonicZip.dll
Native extension for WindowsStandalone target not found
Refreshing native plugins compatible for Editor in 82.09 ms, found 4 plugins.
Preloading 0 native plugins for Editor in 0.00 ms.
Mono: successfully reloaded assembly
- Completed reload, in  1.711 seconds
Domain Reload Profiling:
	ReloadAssembly (1712ms)
		BeginReloadAssembly (114ms)
			ExecutionOrderSort (0ms)
			DisableScriptedObjects (5ms)
			BackupInstance (0ms)
			ReleaseScriptingObjects (0ms)
			CreateAndSetChildDomain (24ms)
		EndReloadAssembly (1506ms)
			LoadAssemblies (79ms)
			RebuildTransferFunctionScriptingTraits (0ms)
			SetupTypeCache (248ms)
				TypeCache.Initialize (243ms)
					TypeCache.ScanAssembly (240ms)
				ResolveRequiredComponents (4ms)
			ReleaseScriptCaches (1ms)
			RebuildScriptCaches (57ms)
			SetupLoadedEditorAssemblies (1072ms)
				LogAssemblyErrors (0ms)
				InitializePlatformSupportModulesInManaged (10ms)
				SetLoadedEditorAssemblies (7ms)
				RefreshPlugins (82ms)
				BeforeProcessingInitializeOnLoad (99ms)
				ProcessInitializeOnLoadAttributes (823ms)
				ProcessInitializeOnLoadMethodAttributes (43ms)
				AfterProcessingInitializeOnLoad (8ms)
				EditorAssembliesLoaded (0ms)
			ExecutionOrderSort2 (0ms)
			AwakeInstancesAfterBackupRestoration (7ms)
Platform modules already initialized, skipping
========================================================================
Worker process is ready to serve import requests
Launched and connected shader compiler UnityShaderCompiler.exe after 0.09 seconds
Refreshing native plugins compatible for Editor in 0.74 ms, found 4 plugins.
Preloading 0 native plugins for Editor in 0.00 ms.
Unloading 3921 Unused Serialized files (Serialized files now loaded: 0)
Unloading 44 unused Assets / (235.4 KB). Loaded Objects now: 4372.
Memory consumption went from 160.6 MB to 160.3 MB.
Total: 3.582200 ms (FindLiveObjects: 0.324500 ms CreateObjectMapping: 0.254100 ms MarkObjects: 2.803700 ms  DeleteObjects: 0.198600 ms)

AssetImportParameters requested are different than current active one (requested -> active):
  custom:video-decoder-ogg-theora: a1e56fd34408186e4bbccfd4996cb3dc -> 
  custom:container-muxer-webm: aa71ff27fc2769a1b78a27578f13a17b -> 
  custom:container-demuxer-webm: 4f35f7cbe854078d1ac9338744f61a02 -> 
  custom:video-encoder-webm-vp8: eb34c28f22e8b96e1ab97ce403110664 -> 
  custom:audio-encoder-webm-vorbis: bf7c407c2cedff20999df2af8eb42d56 -> 
  custom:framework-win-MediaFoundation: 216162199b28c13a410421893ffa2e32 -> 
  custom:container-demuxer-ogg: 62fdf1f143b41e24485cea50d1cbac27 -> 
  custom:video-decoder-webm-vp8: 9c59270c3fd7afecdb556c50c9e8de78 -> 
  custom:audio-decoder-ogg-vorbis: bf7c407c2cedff20999df2af8eb42d56 -> 
========================================================================
Received Import Request.
  Time since last request: 1045861.364534 seconds.
  path: Assets/Nature_pixel_art_assets/Prefabs/Nature_props/Nature_props_05.prefab
  artifactKey: Guid(77c0e2e550619d74592a6882db6d033d) Importer(815301076,1909f56bfc062723c751e8b465ee728b)
Start importing Assets/Nature_pixel_art_assets/Prefabs/Nature_props/Nature_props_05.prefab using Guid(77c0e2e550619d74592a6882db6d033d) Importer(815301076,1909f56bfc062723c751e8b465ee728b)  -> (artifact id: '563ecfcb6eb0c5828f276e57e1184686') in 0.116200 seconds 
========================================================================
Received Import Request.
  Time since last request: 0.000026 seconds.
  path: Assets/Nature_pixel_art_assets/Prefabs/Nature_props/Nature_props_13.prefab
  artifactKey: Guid(527cab527cab11b46bec512eb84237e3) Importer(815301076,1909f56bfc062723c751e8b465ee728b)
Start importing Assets/Nature_pixel_art_assets/Prefabs/Nature_props/Nature_props_13.prefab using Guid(527cab527cab11b46bec512eb84237e3) Importer(815301076,1909f56bfc062723c751e8b465ee728b)  -> (artifact id: 'c68fd1c16e39b95959336f55806f58c1') in 0.015951 seconds 
========================================================================
Received Import Request.
  Time since last request: 0.000015 seconds.
  path: Assets/Nature_pixel_art_assets/Prefabs/Nature_props/Nature_props_04.prefab
  artifactKey: Guid(b03b2a5438f49b04db8ec8b2dcc8316c) Importer(815301076,1909f56bfc062723c751e8b465ee728b)
Start importing Assets/Nature_pixel_art_assets/Prefabs/Nature_props/Nature_props_04.prefab using Guid(b03b2a5438f49b04db8ec8b2dcc8316c) Importer(815301076,1909f56bfc062723c751e8b465ee728b)  -> (artifact id: '3bf39afafe63139c46788db5bbfb7669') in 0.013789 seconds 
========================================================================
Received Import Request.
  Time since last request: 0.000017 seconds.
  path: Assets/Nature_pixel_art_assets/Prefabs/Nature_props/Nature_props_25.prefab
  artifactKey: Guid(d26f07b6b8619784cacddf6eb54abb9a) Importer(815301076,1909f56bfc062723c751e8b465ee728b)
Start importing Assets/Nature_pixel_art_assets/Prefabs/Nature_props/Nature_props_25.prefab using Guid(d26f07b6b8619784cacddf6eb54abb9a) Importer(815301076,1909f56bfc062723c751e8b465ee728b)  -> (artifact id: '71fc1ab77754ad0394566f051cf88109') in 0.012930 seconds 
========================================================================
Received Import Request.
  Time since last request: 0.000015 seconds.
  path: Assets/Nature_pixel_art_assets/Prefabs/Nature_props/Nature_props_01.prefab
  artifactKey: Guid(e45c9aed6bafa964782c6325956f228f) Importer(815301076,1909f56bfc062723c751e8b465ee728b)
Start importing Assets/Nature_pixel_art_assets/Prefabs/Nature_props/Nature_props_01.prefab using Guid(e45c9aed6bafa964782c6325956f228f) Importer(815301076,1909f56bfc062723c751e8b465ee728b)  -> (artifact id: '169786cfa2631a6621d6ef343b8bfc45') in 0.013021 seconds 
========================================================================
Received Import Request.
  Time since last request: 0.000018 seconds.
  path: Assets/Nature_pixel_art_assets/Prefabs/Nature_props/Nature_props_32.prefab
  artifactKey: Guid(982283eb324406648881132bc4ba92b1) Importer(815301076,1909f56bfc062723c751e8b465ee728b)
Start importing Assets/Nature_pixel_art_assets/Prefabs/Nature_props/Nature_props_32.prefab using Guid(982283eb324406648881132bc4ba92b1) Importer(815301076,1909f56bfc062723c751e8b465ee728b)  -> (artifact id: '5bf09782e01e997bd63483394eb986a1') in 0.014010 seconds 
========================================================================
Received Import Request.
  Time since last request: 0.000022 seconds.
  path: Assets/Nature_pixel_art_assets/Prefabs/Nature_props/Nature_props_35.prefab
  artifactKey: Guid(caf668abd5a39ed40b31a5bf64d019ed) Importer(815301076,1909f56bfc062723c751e8b465ee728b)
Start importing Assets/Nature_pixel_art_assets/Prefabs/Nature_props/Nature_props_35.prefab using Guid(caf668abd5a39ed40b31a5bf64d019ed) Importer(815301076,1909f56bfc062723c751e8b465ee728b)  -> (artifact id: 'f0442f030ad9c87db0efe1e196c6a2fa') in 0.012205 seconds 
========================================================================
Received Import Request.
  Time since last request: 0.000023 seconds.
  path: Assets/Nature_pixel_art_assets/Prefabs/Nature_props/Nature_props_18.prefab
  artifactKey: Guid(efbbc1a7890bb6044a8fa67db33f6ade) Importer(815301076,1909f56bfc062723c751e8b465ee728b)
Start importing Assets/Nature_pixel_art_assets/Prefabs/Nature_props/Nature_props_18.prefab using Guid(efbbc1a7890bb6044a8fa67db33f6ade) Importer(815301076,1909f56bfc062723c751e8b465ee728b)  -> (artifact id: '74375fb119660aad4923edfbafc4fa5c') in 0.014335 seconds 
========================================================================
Received Import Request.
  Time since last request: 0.000016 seconds.
  path: Assets/Nature_pixel_art_assets/Prefabs/Nature_props/Nature_props_19.prefab
  artifactKey: Guid(f72335d0f97cbdd4abec38471223522a) Importer(815301076,1909f56bfc062723c751e8b465ee728b)
Start importing Assets/Nature_pixel_art_assets/Prefabs/Nature_props/Nature_props_19.prefab using Guid(f72335d0f97cbdd4abec38471223522a) Importer(815301076,1909f56bfc062723c751e8b465ee728b)  -> (artifact id: 'b9c8cb03f8d4bc913d8f6623f1c1747d') in 0.012894 seconds 
========================================================================
Received Import Request.
  Time since last request: 0.000022 seconds.
  path: Assets/Nature_pixel_art_assets/Prefabs/Nature_props/Nature_props_23.prefab
  artifactKey: Guid(b44a0eea649a1c045bcf8888f8f81050) Importer(815301076,1909f56bfc062723c751e8b465ee728b)
Start importing Assets/Nature_pixel_art_assets/Prefabs/Nature_props/Nature_props_23.prefab using Guid(b44a0eea649a1c045bcf8888f8f81050) Importer(815301076,1909f56bfc062723c751e8b465ee728b)  -> (artifact id: 'a633f02d74ace8cf7da6d2708823d40b') in 0.012769 seconds 
========================================================================
Received Import Request.
  Time since last request: 0.000021 seconds.
  path: Assets/Nature_pixel_art_assets/Prefabs/Nature_props/Nature_props_20.prefab
  artifactKey: Guid(36eefd045905ea840940e9553e42ce8c) Importer(815301076,1909f56bfc062723c751e8b465ee728b)
Start importing Assets/Nature_pixel_art_assets/Prefabs/Nature_props/Nature_props_20.prefab using Guid(36eefd045905ea840940e9553e42ce8c) Importer(815301076,1909f56bfc062723c751e8b465ee728b)  -> (artifact id: 'cc646a3a296f744b0cc493c9866a7309') in 0.012895 seconds 
========================================================================
Received Import Request.
  Time since last request: 0.000021 seconds.
  path: Assets/Nature_pixel_art_assets/Prefabs/Nature_props/Nature_props_39.prefab
  artifactKey: Guid(ff2321c1e30309840845d6def31b27d4) Importer(815301076,1909f56bfc062723c751e8b465ee728b)
Start importing Assets/Nature_pixel_art_assets/Prefabs/Nature_props/Nature_props_39.prefab using Guid(ff2321c1e30309840845d6def31b27d4) Importer(815301076,1909f56bfc062723c751e8b465ee728b)  -> (artifact id: '7f40831fdfa6d73443567acdccf55533') in 0.014525 seconds 
========================================================================
Received Import Request.
  Time since last request: 0.000020 seconds.
  path: Assets/Nature_pixel_art_assets/Prefabs/Nature_props/Nature_props_26.prefab
  artifactKey: Guid(efbde38838d036d49ab3d0ab4d323eae) Importer(815301076,1909f56bfc062723c751e8b465ee728b)
Start importing Assets/Nature_pixel_art_assets/Prefabs/Nature_props/Nature_props_26.prefab using Guid(efbde38838d036d49ab3d0ab4d323eae) Importer(815301076,1909f56bfc062723c751e8b465ee728b)  -> (artifact id: 'acf309197735fd9f6ada1a79913b6601') in 0.012226 seconds 
========================================================================
Received Import Request.
  Time since last request: 0.000024 seconds.
  path: Assets/Nature_pixel_art_assets/Prefabs/Nature_props/Nature_props_14.prefab
  artifactKey: Guid(627b123d76dd42541b762a87c3ba8460) Importer(815301076,1909f56bfc062723c751e8b465ee728b)
Start importing Assets/Nature_pixel_art_assets/Prefabs/Nature_props/Nature_props_14.prefab using Guid(627b123d76dd42541b762a87c3ba8460) Importer(815301076,1909f56bfc062723c751e8b465ee728b)  -> (artifact id: '24cce032b091adc27e97a488e77a469a') in 0.012686 seconds 
========================================================================
Received Import Request.
  Time since last request: 0.000025 seconds.
  path: Assets/Nature_pixel_art_assets/Prefabs/Nature_props/Nature_props_27.prefab
  artifactKey: Guid(1753d53c838270d479ba970c43ad019b) Importer(815301076,1909f56bfc062723c751e8b465ee728b)
Start importing Assets/Nature_pixel_art_assets/Prefabs/Nature_props/Nature_props_27.prefab using Guid(1753d53c838270d479ba970c43ad019b) Importer(815301076,1909f56bfc062723c751e8b465ee728b)  -> (artifact id: '106ca97b248561d000bb01677f0c8016') in 0.011831 seconds 
========================================================================
Received Import Request.
  Time since last request: 0.000024 seconds.
  path: Assets/Nature_pixel_art_assets/Prefabs/Nature_props/Nature_props_10.prefab
  artifactKey: Guid(10753226447896e44b12ebb13c411542) Importer(815301076,1909f56bfc062723c751e8b465ee728b)
Start importing Assets/Nature_pixel_art_assets/Prefabs/Nature_props/Nature_props_10.prefab using Guid(10753226447896e44b12ebb13c411542) Importer(815301076,1909f56bfc062723c751e8b465ee728b)  -> (artifact id: '27ec981d27fd1e008d82e2fbaff660b7') in 0.011975 seconds 
========================================================================
Received Import Request.
  Time since last request: 0.000022 seconds.
  path: Assets/Nature_pixel_art_assets/Prefabs/Nature_props/Nature_props_03.prefab
  artifactKey: Guid(45570b5f63ba4b64590574d72f44d18b) Importer(815301076,1909f56bfc062723c751e8b465ee728b)
Start importing Assets/Nature_pixel_art_assets/Prefabs/Nature_props/Nature_props_03.prefab using Guid(45570b5f63ba4b64590574d72f44d18b) Importer(815301076,1909f56bfc062723c751e8b465ee728b)  -> (artifact id: '745a1dd5bfec55ec6642661b882fbc3c') in 0.014056 seconds 
========================================================================
Received Import Request.
  Time since last request: 0.000020 seconds.
  path: Assets/Nature_pixel_art_assets/Prefabs/Nature_props/Nature_props_06.prefab
  artifactKey: Guid(ecba8dbba1cf5cf499ff7c730d1a58b9) Importer(815301076,1909f56bfc062723c751e8b465ee728b)
Start importing Assets/Nature_pixel_art_assets/Prefabs/Nature_props/Nature_props_06.prefab using Guid(ecba8dbba1cf5cf499ff7c730d1a58b9) Importer(815301076,1909f56bfc062723c751e8b465ee728b)  -> (artifact id: '8cc172b0b0f4408b914487eea869fd59') in 0.013048 seconds 
========================================================================
Received Import Request.
  Time since last request: 0.000020 seconds.
  path: Assets/Nature_pixel_art_assets/Prefabs/Nature_props/Nature_props_24.prefab
  artifactKey: Guid(a9d33771d2468d1449907d266d3b6d46) Importer(815301076,1909f56bfc062723c751e8b465ee728b)
Start importing Assets/Nature_pixel_art_assets/Prefabs/Nature_props/Nature_props_24.prefab using Guid(a9d33771d2468d1449907d266d3b6d46) Importer(815301076,1909f56bfc062723c751e8b465ee728b)  -> (artifact id: '51721ada5753991e8994de31c33ebd6d') in 0.013396 seconds 
========================================================================
Received Import Request.
  Time since last request: 0.000032 seconds.
  path: Assets/Nature_pixel_art_assets/Prefabs/Nature_props/Nature_props_36.prefab
  artifactKey: Guid(63c74e18159d5cf4a8bce25adca0f18b) Importer(815301076,1909f56bfc062723c751e8b465ee728b)
Start importing Assets/Nature_pixel_art_assets/Prefabs/Nature_props/Nature_props_36.prefab using Guid(63c74e18159d5cf4a8bce25adca0f18b) Importer(815301076,1909f56bfc062723c751e8b465ee728b)  -> (artifact id: '3f0b3afc32890258a3f223f612fda9f2') in 0.011153 seconds 
========================================================================
Received Import Request.
  Time since last request: 209.714552 seconds.
  path: Assets/Nature_pixel_art_assets/textures/nature_environment_01.png
  artifactKey: Guid(962e67ff7370f0c4492dca70b64f89e9) Importer(815301076,1909f56bfc062723c751e8b465ee728b)
Start importing Assets/Nature_pixel_art_assets/textures/nature_environment_01.png using Guid(962e67ff7370f0c4492dca70b64f89e9) Importer(815301076,1909f56bfc062723c751e8b465ee728b)  -> (artifact id: '73d9801ef4a0f6dfa615d3a860252be8') in 0.352306 seconds 
========================================================================
Received Import Request.
  Time since last request: 17.889659 seconds.
  path: Assets/Nature_pixel_art_assets/textures/Nature_props_01.png
  artifactKey: Guid(4b00c4fcb1be91245b2dab5149c61c5d) Importer(815301076,1909f56bfc062723c751e8b465ee728b)
Start importing Assets/Nature_pixel_art_assets/textures/Nature_props_01.png using Guid(4b00c4fcb1be91245b2dab5149c61c5d) Importer(815301076,1909f56bfc062723c751e8b465ee728b)  -> (artifact id: 'f5e38155a5fce82daba80e3438520881') in 0.123100 seconds 
========================================================================
Received Import Request.
  Time since last request: 6825.679946 seconds.
  path: Assets/Environment Pack/sprite sheet.psd
  artifactKey: Guid(3b56ab7794e36a84fb461d57aa458683) Importer(815301076,1909f56bfc062723c751e8b465ee728b)
Start importing Assets/Environment Pack/sprite sheet.psd using Guid(3b56ab7794e36a84fb461d57aa458683) Importer(815301076,1909f56bfc062723c751e8b465ee728b)  -> (artifact id: '5dbb6f7d8b423876abdc57ad945bb266') in 0.078894 seconds 
